{"/app/PTCG_Web/src/app/page.tsx": {"path":"/app/PTCG_Web/src/app/page.tsx","statementMap":{"0":{"start":{"line":14,"column":24},"end":{"line":14,"column":null}},"1":{"start":{"line":3,"column":57},"end":{"line":3,"column":null}},"2":{"start":{"line":4,"column":96},"end":{"line":4,"column":null}},"3":{"start":{"line":7,"column":21},"end":{"line":7,"column":null}},"4":{"start":{"line":8,"column":35},"end":{"line":8,"column":null}},"5":{"start":{"line":9,"column":28},"end":{"line":9,"column":null}},"6":{"start":{"line":10,"column":29},"end":{"line":10,"column":null}},"7":{"start":{"line":11,"column":24},"end":{"line":11,"column":null}},"8":{"start":{"line":12,"column":29},"end":{"line":12,"column":null}},"9":{"start":{"line":15,"column":16},"end":{"line":15,"column":null}},"10":{"start":{"line":16,"column":28},"end":{"line":16,"column":null}},"11":{"start":{"line":17,"column":44},"end":{"line":17,"column":null}},"12":{"start":{"line":18,"column":44},"end":{"line":18,"column":null}},"13":{"start":{"line":19,"column":32},"end":{"line":36,"column":null}},"14":{"start":{"line":37,"column":38},"end":{"line":37,"column":null}},"15":{"start":{"line":38,"column":42},"end":{"line":38,"column":null}},"16":{"start":{"line":39,"column":32},"end":{"line":39,"column":null}},"17":{"start":{"line":40,"column":36},"end":{"line":40,"column":null}},"18":{"start":{"line":41,"column":40},"end":{"line":41,"column":null}},"19":{"start":{"line":42,"column":42},"end":{"line":42,"column":null}},"20":{"start":{"line":43,"column":30},"end":{"line":43,"column":null}},"21":{"start":{"line":44,"column":44},"end":{"line":44,"column":null}},"22":{"start":{"line":45,"column":34},"end":{"line":45,"column":null}},"23":{"start":{"line":46,"column":46},"end":{"line":46,"column":null}},"24":{"start":{"line":47,"column":29},"end":{"line":47,"column":null}},"25":{"start":{"line":48,"column":42},"end":{"line":48,"column":null}},"26":{"start":{"line":51,"column":76},"end":{"line":51,"column":null}},"27":{"start":{"line":52,"column":58},"end":{"line":52,"column":null}},"28":{"start":{"line":53,"column":42},"end":{"line":53,"column":null}},"29":{"start":{"line":55,"column":24},"end":{"line":57,"column":null}},"30":{"start":{"line":56,"column":4},"end":{"line":56,"column":null}},"31":{"start":{"line":59,"column":27},"end":{"line":68,"column":null}},"32":{"start":{"line":60,"column":4},"end":{"line":67,"column":null}},"33":{"start":{"line":61,"column":23},"end":{"line":61,"column":null}},"34":{"start":{"line":62,"column":19},"end":{"line":62,"column":null}},"35":{"start":{"line":63,"column":6},"end":{"line":63,"column":null}},"36":{"start":{"line":65,"column":6},"end":{"line":65,"column":null}},"37":{"start":{"line":66,"column":6},"end":{"line":66,"column":null}},"38":{"start":{"line":70,"column":29},"end":{"line":77,"column":null}},"39":{"start":{"line":71,"column":19},"end":{"line":71,"column":50}},"40":{"start":{"line":72,"column":4},"end":{"line":72,"column":null}},"41":{"start":{"line":72,"column":40},"end":{"line":72,"column":null}},"42":{"start":{"line":75,"column":25},"end":{"line":75,"column":null}},"43":{"start":{"line":75,"column":47},"end":{"line":75,"column":null}},"44":{"start":{"line":76,"column":4},"end":{"line":76,"column":null}},"45":{"start":{"line":79,"column":23},"end":{"line":115,"column":null}},"46":{"start":{"line":80,"column":4},"end":{"line":114,"column":null}},"47":{"start":{"line":82,"column":23},"end":{"line":82,"column":null}},"48":{"start":{"line":83,"column":19},"end":{"line":83,"column":null}},"49":{"start":{"line":86,"column":25},"end":{"line":90,"column":null}},"50":{"start":{"line":87,"column":20},"end":{"line":87,"column":null}},"51":{"start":{"line":88,"column":20},"end":{"line":88,"column":null}},"52":{"start":{"line":89,"column":8},"end":{"line":89,"column":26}},"53":{"start":{"line":92,"column":6},"end":{"line":92,"column":null}},"54":{"start":{"line":93,"column":6},"end":{"line":93,"column":null}},"55":{"start":{"line":96,"column":31},"end":{"line":96,"column":null}},"56":{"start":{"line":97,"column":27},"end":{"line":97,"column":null}},"57":{"start":{"line":98,"column":6},"end":{"line":98,"column":null}},"58":{"start":{"line":99,"column":6},"end":{"line":99,"column":null}},"59":{"start":{"line":102,"column":6},"end":{"line":102,"column":null}},"60":{"start":{"line":105,"column":6},"end":{"line":109,"column":null}},"61":{"start":{"line":106,"column":27},"end":{"line":106,"column":40}},"62":{"start":{"line":111,"column":6},"end":{"line":111,"column":null}},"63":{"start":{"line":113,"column":6},"end":{"line":113,"column":null}},"64":{"start":{"line":118,"column":2},"end":{"line":157,"column":10}},"65":{"start":{"line":119,"column":27},"end":{"line":127,"column":null}},"66":{"start":{"line":120,"column":6},"end":{"line":122,"column":null}},"67":{"start":{"line":121,"column":8},"end":{"line":121,"column":null}},"68":{"start":{"line":123,"column":20},"end":{"line":125,"column":null}},"69":{"start":{"line":124,"column":8},"end":{"line":124,"column":null}},"70":{"start":{"line":126,"column":6},"end":{"line":126,"column":null}},"71":{"start":{"line":129,"column":27},"end":{"line":135,"column":null}},"72":{"start":{"line":130,"column":6},"end":{"line":132,"column":null}},"73":{"start":{"line":131,"column":8},"end":{"line":131,"column":null}},"74":{"start":{"line":133,"column":6},"end":{"line":133,"column":null}},"75":{"start":{"line":134,"column":6},"end":{"line":134,"column":null}},"76":{"start":{"line":138,"column":4},"end":{"line":138,"column":null}},"77":{"start":{"line":141,"column":31},"end":{"line":143,"column":null}},"78":{"start":{"line":142,"column":6},"end":{"line":142,"column":null}},"79":{"start":{"line":145,"column":4},"end":{"line":145,"column":null}},"80":{"start":{"line":146,"column":4},"end":{"line":146,"column":null}},"81":{"start":{"line":147,"column":4},"end":{"line":147,"column":null}},"82":{"start":{"line":149,"column":4},"end":{"line":156,"column":null}},"83":{"start":{"line":150,"column":6},"end":{"line":152,"column":null}},"84":{"start":{"line":151,"column":8},"end":{"line":151,"column":null}},"85":{"start":{"line":153,"column":6},"end":{"line":153,"column":null}},"86":{"start":{"line":154,"column":6},"end":{"line":154,"column":null}},"87":{"start":{"line":155,"column":6},"end":{"line":155,"column":null}},"88":{"start":{"line":159,"column":31},"end":{"line":215,"column":null}},"89":{"start":{"line":161,"column":23},"end":{"line":161,"column":null}},"90":{"start":{"line":162,"column":26},"end":{"line":162,"column":null}},"91":{"start":{"line":164,"column":4},"end":{"line":202,"column":null}},"92":{"start":{"line":166,"column":24},"end":{"line":166,"column":null}},"93":{"start":{"line":169,"column":6},"end":{"line":171,"column":null}},"94":{"start":{"line":170,"column":8},"end":{"line":170,"column":null}},"95":{"start":{"line":174,"column":6},"end":{"line":181,"column":null}},"96":{"start":{"line":175,"column":30},"end":{"line":175,"column":null}},"97":{"start":{"line":175,"column":68},"end":{"line":175,"column":null}},"98":{"start":{"line":176,"column":8},"end":{"line":180,"column":null}},"99":{"start":{"line":177,"column":10},"end":{"line":179,"column":null}},"100":{"start":{"line":178,"column":12},"end":{"line":178,"column":null}},"101":{"start":{"line":184,"column":6},"end":{"line":186,"column":null}},"102":{"start":{"line":185,"column":8},"end":{"line":185,"column":null}},"103":{"start":{"line":189,"column":6},"end":{"line":194,"column":null}},"104":{"start":{"line":190,"column":24},"end":{"line":190,"column":null}},"105":{"start":{"line":190,"column":67},"end":{"line":190,"column":null}},"106":{"start":{"line":191,"column":8},"end":{"line":193,"column":null}},"107":{"start":{"line":192,"column":10},"end":{"line":192,"column":null}},"108":{"start":{"line":196,"column":6},"end":{"line":201,"column":null}},"109":{"start":{"line":197,"column":24},"end":{"line":197,"column":null}},"110":{"start":{"line":197,"column":67},"end":{"line":197,"column":null}},"111":{"start":{"line":198,"column":8},"end":{"line":200,"column":null}},"112":{"start":{"line":199,"column":10},"end":{"line":199,"column":null}},"113":{"start":{"line":204,"column":4},"end":{"line":207,"column":null}},"114":{"start":{"line":206,"column":34},"end":{"line":206,"column":null}},"115":{"start":{"line":207,"column":24},"end":{"line":207,"column":41}},"116":{"start":{"line":210,"column":4},"end":{"line":213,"column":null}},"117":{"start":{"line":212,"column":34},"end":{"line":212,"column":null}},"118":{"start":{"line":213,"column":24},"end":{"line":213,"column":41}},"119":{"start":{"line":217,"column":23},"end":{"line":415,"column":null}},"120":{"start":{"line":218,"column":19},"end":{"line":218,"column":null}},"121":{"start":{"line":221,"column":4},"end":{"line":221,"column":null}},"122":{"start":{"line":221,"column":39},"end":{"line":221,"column":null}},"123":{"start":{"line":224,"column":4},"end":{"line":224,"column":null}},"124":{"start":{"line":224,"column":39},"end":{"line":224,"column":null}},"125":{"start":{"line":227,"column":4},"end":{"line":237,"column":null}},"126":{"start":{"line":228,"column":6},"end":{"line":234,"column":null}},"127":{"start":{"line":230,"column":10},"end":{"line":234,"column":null}},"128":{"start":{"line":240,"column":4},"end":{"line":252,"column":null}},"129":{"start":{"line":241,"column":6},"end":{"line":251,"column":null}},"130":{"start":{"line":243,"column":8},"end":{"line":245,"column":null}},"131":{"start":{"line":244,"column":10},"end":{"line":244,"column":null}},"132":{"start":{"line":247,"column":8},"end":{"line":249,"column":null}},"133":{"start":{"line":248,"column":10},"end":{"line":248,"column":null}},"134":{"start":{"line":250,"column":8},"end":{"line":250,"column":null}},"135":{"start":{"line":255,"column":4},"end":{"line":262,"column":null}},"136":{"start":{"line":256,"column":6},"end":{"line":259,"column":null}},"137":{"start":{"line":258,"column":10},"end":{"line":259,"column":null}},"138":{"start":{"line":265,"column":4},"end":{"line":267,"column":null}},"139":{"start":{"line":266,"column":6},"end":{"line":266,"column":null}},"140":{"start":{"line":266,"column":41},"end":{"line":266,"column":75}},"141":{"start":{"line":270,"column":4},"end":{"line":274,"column":null}},"142":{"start":{"line":271,"column":6},"end":{"line":272,"column":null}},"143":{"start":{"line":272,"column":8},"end":{"line":272,"column":38}},"144":{"start":{"line":277,"column":4},"end":{"line":281,"column":null}},"145":{"start":{"line":278,"column":6},"end":{"line":279,"column":null}},"146":{"start":{"line":279,"column":9},"end":{"line":279,"column":35}},"147":{"start":{"line":284,"column":4},"end":{"line":288,"column":null}},"148":{"start":{"line":285,"column":6},"end":{"line":286,"column":null}},"149":{"start":{"line":286,"column":9},"end":{"line":286,"column":40}},"150":{"start":{"line":291,"column":4},"end":{"line":295,"column":null}},"151":{"start":{"line":292,"column":6},"end":{"line":293,"column":null}},"152":{"start":{"line":293,"column":9},"end":{"line":293,"column":51}},"153":{"start":{"line":298,"column":4},"end":{"line":302,"column":null}},"154":{"start":{"line":299,"column":6},"end":{"line":300,"column":null}},"155":{"start":{"line":300,"column":9},"end":{"line":300,"column":55}},"156":{"start":{"line":305,"column":4},"end":{"line":309,"column":null}},"157":{"start":{"line":306,"column":6},"end":{"line":307,"column":null}},"158":{"start":{"line":307,"column":9},"end":{"line":307,"column":51}},"159":{"start":{"line":312,"column":4},"end":{"line":325,"column":null}},"160":{"start":{"line":313,"column":6},"end":{"line":324,"column":null}},"161":{"start":{"line":315,"column":8},"end":{"line":321,"column":null}},"162":{"start":{"line":316,"column":43},"end":{"line":316,"column":null}},"163":{"start":{"line":317,"column":10},"end":{"line":319,"column":null}},"164":{"start":{"line":323,"column":8},"end":{"line":323,"column":null}},"165":{"start":{"line":328,"column":4},"end":{"line":332,"column":null}},"166":{"start":{"line":329,"column":6},"end":{"line":330,"column":null}},"167":{"start":{"line":330,"column":8},"end":{"line":330,"column":null}},"168":{"start":{"line":335,"column":4},"end":{"line":339,"column":null}},"169":{"start":{"line":336,"column":6},"end":{"line":337,"column":null}},"170":{"start":{"line":337,"column":8},"end":{"line":337,"column":null}},"171":{"start":{"line":342,"column":4},"end":{"line":346,"column":null}},"172":{"start":{"line":343,"column":6},"end":{"line":344,"column":null}},"173":{"start":{"line":344,"column":8},"end":{"line":344,"column":null}},"174":{"start":{"line":349,"column":4},"end":{"line":353,"column":null}},"175":{"start":{"line":350,"column":6},"end":{"line":351,"column":null}},"176":{"start":{"line":351,"column":8},"end":{"line":351,"column":71}},"177":{"start":{"line":356,"column":4},"end":{"line":362,"column":null}},"178":{"start":{"line":357,"column":6},"end":{"line":361,"column":null}},"179":{"start":{"line":358,"column":8},"end":{"line":358,"column":null}},"180":{"start":{"line":358,"column":43},"end":{"line":358,"column":null}},"181":{"start":{"line":359,"column":13},"end":{"line":361,"column":null}},"182":{"start":{"line":360,"column":8},"end":{"line":360,"column":null}},"183":{"start":{"line":360,"column":43},"end":{"line":360,"column":null}},"184":{"start":{"line":365,"column":4},"end":{"line":383,"column":null}},"185":{"start":{"line":366,"column":6},"end":{"line":382,"column":null}},"186":{"start":{"line":367,"column":28},"end":{"line":367,"column":null}},"187":{"start":{"line":368,"column":22},"end":{"line":368,"column":null}},"188":{"start":{"line":370,"column":8},"end":{"line":381,"column":null}},"189":{"start":{"line":372,"column":12},"end":{"line":372,"column":null}},"190":{"start":{"line":374,"column":12},"end":{"line":374,"column":null}},"191":{"start":{"line":376,"column":12},"end":{"line":376,"column":null}},"192":{"start":{"line":378,"column":12},"end":{"line":378,"column":null}},"193":{"start":{"line":380,"column":12},"end":{"line":380,"column":null}},"194":{"start":{"line":386,"column":19},"end":{"line":412,"column":null}},"195":{"start":{"line":387,"column":23},"end":{"line":387,"column":null}},"196":{"start":{"line":389,"column":6},"end":{"line":409,"column":null}},"197":{"start":{"line":391,"column":10},"end":{"line":391,"column":null}},"198":{"start":{"line":392,"column":10},"end":{"line":392,"column":null}},"199":{"start":{"line":394,"column":10},"end":{"line":394,"column":null}},"200":{"start":{"line":395,"column":10},"end":{"line":395,"column":null}},"201":{"start":{"line":397,"column":10},"end":{"line":397,"column":null}},"202":{"start":{"line":398,"column":10},"end":{"line":398,"column":null}},"203":{"start":{"line":400,"column":10},"end":{"line":400,"column":null}},"204":{"start":{"line":401,"column":10},"end":{"line":401,"column":null}},"205":{"start":{"line":403,"column":24},"end":{"line":403,"column":null}},"206":{"start":{"line":404,"column":24},"end":{"line":404,"column":null}},"207":{"start":{"line":405,"column":10},"end":{"line":405,"column":null}},"208":{"start":{"line":406,"column":10},"end":{"line":406,"column":null}},"209":{"start":{"line":408,"column":10},"end":{"line":408,"column":null}},"210":{"start":{"line":411,"column":6},"end":{"line":411,"column":null}},"211":{"start":{"line":414,"column":4},"end":{"line":414,"column":null}},"212":{"start":{"line":417,"column":28},"end":{"line":461,"column":null}},"213":{"start":{"line":418,"column":4},"end":{"line":421,"column":null}},"214":{"start":{"line":419,"column":6},"end":{"line":419,"column":null}},"215":{"start":{"line":420,"column":6},"end":{"line":420,"column":null}},"216":{"start":{"line":423,"column":4},"end":{"line":423,"column":null}},"217":{"start":{"line":424,"column":23},"end":{"line":424,"column":null}},"218":{"start":{"line":425,"column":21},"end":{"line":425,"column":null}},"219":{"start":{"line":427,"column":4},"end":{"line":460,"column":null}},"220":{"start":{"line":429,"column":6},"end":{"line":448,"column":null}},"221":{"start":{"line":430,"column":8},"end":{"line":447,"column":null}},"222":{"start":{"line":439,"column":10},"end":{"line":443,"column":null}},"223":{"start":{"line":440,"column":12},"end":{"line":440,"column":null}},"224":{"start":{"line":442,"column":12},"end":{"line":442,"column":null}},"225":{"start":{"line":445,"column":10},"end":{"line":445,"column":null}},"226":{"start":{"line":446,"column":10},"end":{"line":446,"column":null}},"227":{"start":{"line":450,"column":6},"end":{"line":454,"column":null}},"228":{"start":{"line":451,"column":8},"end":{"line":451,"column":null}},"229":{"start":{"line":453,"column":8},"end":{"line":453,"column":null}},"230":{"start":{"line":456,"column":6},"end":{"line":456,"column":null}},"231":{"start":{"line":457,"column":6},"end":{"line":457,"column":null}},"232":{"start":{"line":459,"column":6},"end":{"line":459,"column":null}},"233":{"start":{"line":463,"column":31},"end":{"line":488,"column":null}},"234":{"start":{"line":464,"column":4},"end":{"line":487,"column":null}},"235":{"start":{"line":473,"column":6},"end":{"line":480,"column":null}},"236":{"start":{"line":474,"column":8},"end":{"line":474,"column":null}},"237":{"start":{"line":476,"column":8},"end":{"line":476,"column":null}},"238":{"start":{"line":476,"column":25},"end":{"line":476,"column":48}},"239":{"start":{"line":478,"column":8},"end":{"line":478,"column":null}},"240":{"start":{"line":479,"column":8},"end":{"line":479,"column":null}},"241":{"start":{"line":479,"column":25},"end":{"line":479,"column":48}},"242":{"start":{"line":481,"column":6},"end":{"line":481,"column":null}},"243":{"start":{"line":483,"column":6},"end":{"line":483,"column":null}},"244":{"start":{"line":484,"column":6},"end":{"line":484,"column":null}},"245":{"start":{"line":485,"column":6},"end":{"line":485,"column":null}},"246":{"start":{"line":485,"column":23},"end":{"line":485,"column":46}},"247":{"start":{"line":486,"column":6},"end":{"line":486,"column":null}},"248":{"start":{"line":490,"column":2},"end":{"line":492,"column":null}},"249":{"start":{"line":491,"column":4},"end":{"line":491,"column":null}},"250":{"start":{"line":494,"column":2},"end":{"line":496,"column":null}},"251":{"start":{"line":495,"column":4},"end":{"line":495,"column":null}},"252":{"start":{"line":498,"column":26},"end":{"line":500,"column":null}},"253":{"start":{"line":499,"column":4},"end":{"line":499,"column":null}},"254":{"start":{"line":503,"column":24},"end":{"line":513,"column":null}},"255":{"start":{"line":505,"column":29},"end":{"line":509,"column":null}},"256":{"start":{"line":511,"column":4},"end":{"line":512,"column":null}},"257":{"start":{"line":516,"column":25},"end":{"line":518,"column":null}},"258":{"start":{"line":517,"column":4},"end":{"line":517,"column":41}},"259":{"start":{"line":520,"column":26},"end":{"line":611,"column":null}},"260":{"start":{"line":522,"column":24},"end":{"line":522,"column":26}},"261":{"start":{"line":523,"column":4},"end":{"line":533,"column":null}},"262":{"start":{"line":524,"column":23},"end":{"line":524,"column":null}},"263":{"start":{"line":525,"column":6},"end":{"line":529,"column":null}},"264":{"start":{"line":526,"column":8},"end":{"line":526,"column":null}},"265":{"start":{"line":528,"column":8},"end":{"line":528,"column":null}},"266":{"start":{"line":532,"column":6},"end":{"line":532,"column":null}},"267":{"start":{"line":536,"column":22},"end":{"line":549,"column":null}},"268":{"start":{"line":536,"column":56},"end":{"line":536,"column":84}},"269":{"start":{"line":552,"column":30},"end":{"line":552,"column":null}},"270":{"start":{"line":552,"column":70},"end":{"line":552,"column":94}},"271":{"start":{"line":553,"column":24},"end":{"line":553,"column":null}},"272":{"start":{"line":555,"column":4},"end":{"line":564,"column":null}},"273":{"start":{"line":557,"column":27},"end":{"line":557,"column":63}},"274":{"start":{"line":558,"column":26},"end":{"line":558,"column":null}},"275":{"start":{"line":559,"column":6},"end":{"line":559,"column":null}},"276":{"start":{"line":562,"column":23},"end":{"line":562,"column":null}},"277":{"start":{"line":563,"column":7},"end":{"line":563,"column":null}},"278":{"start":{"line":567,"column":4},"end":{"line":567,"column":null}},"279":{"start":{"line":567,"column":79},"end":{"line":567,"column":95}},"280":{"start":{"line":568,"column":4},"end":{"line":570,"column":null}},"281":{"start":{"line":569,"column":26},"end":{"line":569,"column":null}},"282":{"start":{"line":570,"column":39},"end":{"line":570,"column":55}},"283":{"start":{"line":571,"column":4},"end":{"line":573,"column":null}},"284":{"start":{"line":572,"column":26},"end":{"line":572,"column":null}},"285":{"start":{"line":573,"column":39},"end":{"line":573,"column":55}},"286":{"start":{"line":574,"column":4},"end":{"line":576,"column":null}},"287":{"start":{"line":575,"column":26},"end":{"line":575,"column":null}},"288":{"start":{"line":576,"column":39},"end":{"line":576,"column":55}},"289":{"start":{"line":579,"column":4},"end":{"line":579,"column":null}},"290":{"start":{"line":580,"column":4},"end":{"line":580,"column":null}},"291":{"start":{"line":582,"column":4},"end":{"line":606,"column":null}},"292":{"start":{"line":584,"column":23},"end":{"line":590,"column":null}},"293":{"start":{"line":592,"column":6},"end":{"line":594,"column":null}},"294":{"start":{"line":593,"column":8},"end":{"line":593,"column":null}},"295":{"start":{"line":596,"column":6},"end":{"line":596,"column":null}},"296":{"start":{"line":598,"column":25},"end":{"line":598,"column":null}},"297":{"start":{"line":599,"column":24},"end":{"line":599,"column":null}},"298":{"start":{"line":599,"column":60},"end":{"line":599,"column":null}},"299":{"start":{"line":600,"column":6},"end":{"line":604,"column":null}},"300":{"start":{"line":601,"column":8},"end":{"line":601,"column":null}},"301":{"start":{"line":603,"column":8},"end":{"line":603,"column":null}},"302":{"start":{"line":605,"column":6},"end":{"line":605,"column":null}},"303":{"start":{"line":609,"column":4},"end":{"line":609,"column":null}},"304":{"start":{"line":610,"column":4},"end":{"line":610,"column":null}},"305":{"start":{"line":610,"column":21},"end":{"line":610,"column":44}},"306":{"start":{"line":613,"column":26},"end":{"line":879,"column":null}},"307":{"start":{"line":614,"column":4},"end":{"line":614,"column":null}},"308":{"start":{"line":614,"column":15},"end":{"line":614,"column":null}},"309":{"start":{"line":616,"column":37},"end":{"line":616,"column":39}},"310":{"start":{"line":617,"column":24},"end":{"line":617,"column":null}},"311":{"start":{"line":620,"column":21},"end":{"line":628,"column":null}},"312":{"start":{"line":621,"column":6},"end":{"line":627,"column":null}},"313":{"start":{"line":622,"column":8},"end":{"line":626,"column":null}},"314":{"start":{"line":623,"column":10},"end":{"line":623,"column":null}},"315":{"start":{"line":624,"column":10},"end":{"line":624,"column":null}},"316":{"start":{"line":625,"column":10},"end":{"line":625,"column":null}},"317":{"start":{"line":625,"column":40},"end":{"line":625,"column":null}},"318":{"start":{"line":631,"column":4},"end":{"line":637,"column":null}},"319":{"start":{"line":632,"column":28},"end":{"line":634,"column":null}},"320":{"start":{"line":633,"column":8},"end":{"line":634,"column":28}},"321":{"start":{"line":636,"column":6},"end":{"line":636,"column":null}},"322":{"start":{"line":639,"column":4},"end":{"line":639,"column":null}},"323":{"start":{"line":639,"column":34},"end":{"line":639,"column":null}},"324":{"start":{"line":642,"column":21},"end":{"line":642,"column":null}},"325":{"start":{"line":643,"column":4},"end":{"line":650,"column":null}},"326":{"start":{"line":644,"column":26},"end":{"line":647,"column":null}},"327":{"start":{"line":645,"column":8},"end":{"line":647,"column":null}},"328":{"start":{"line":649,"column":6},"end":{"line":649,"column":null}},"329":{"start":{"line":652,"column":4},"end":{"line":652,"column":null}},"330":{"start":{"line":652,"column":34},"end":{"line":652,"column":null}},"331":{"start":{"line":655,"column":60},"end":{"line":663,"column":null}},"332":{"start":{"line":665,"column":4},"end":{"line":672,"column":null}},"333":{"start":{"line":666,"column":24},"end":{"line":669,"column":null}},"334":{"start":{"line":667,"column":8},"end":{"line":669,"column":null}},"335":{"start":{"line":671,"column":6},"end":{"line":671,"column":null}},"336":{"start":{"line":674,"column":4},"end":{"line":674,"column":null}},"337":{"start":{"line":674,"column":34},"end":{"line":674,"column":null}},"338":{"start":{"line":677,"column":4},"end":{"line":684,"column":null}},"339":{"start":{"line":678,"column":29},"end":{"line":681,"column":null}},"340":{"start":{"line":679,"column":8},"end":{"line":681,"column":38}},"341":{"start":{"line":683,"column":6},"end":{"line":683,"column":null}},"342":{"start":{"line":686,"column":4},"end":{"line":686,"column":null}},"343":{"start":{"line":686,"column":34},"end":{"line":686,"column":null}},"344":{"start":{"line":689,"column":4},"end":{"line":727,"column":null}},"345":{"start":{"line":690,"column":23},"end":{"line":690,"column":null}},"346":{"start":{"line":691,"column":44},"end":{"line":691,"column":46}},"347":{"start":{"line":693,"column":6},"end":{"line":724,"column":null}},"348":{"start":{"line":695,"column":8},"end":{"line":699,"column":null}},"349":{"start":{"line":696,"column":10},"end":{"line":699,"column":null}},"350":{"start":{"line":701,"column":13},"end":{"line":724,"column":null}},"351":{"start":{"line":703,"column":27},"end":{"line":707,"column":null}},"352":{"start":{"line":704,"column":10},"end":{"line":707,"column":null}},"353":{"start":{"line":709,"column":28},"end":{"line":713,"column":null}},"354":{"start":{"line":710,"column":10},"end":{"line":713,"column":null}},"355":{"start":{"line":715,"column":8},"end":{"line":715,"column":null}},"356":{"start":{"line":716,"column":13},"end":{"line":724,"column":null}},"357":{"start":{"line":718,"column":8},"end":{"line":722,"column":null}},"358":{"start":{"line":719,"column":10},"end":{"line":722,"column":null}},"359":{"start":{"line":726,"column":6},"end":{"line":726,"column":null}},"360":{"start":{"line":729,"column":4},"end":{"line":729,"column":null}},"361":{"start":{"line":729,"column":34},"end":{"line":729,"column":null}},"362":{"start":{"line":732,"column":4},"end":{"line":754,"column":null}},"363":{"start":{"line":733,"column":32},"end":{"line":733,"column":null}},"364":{"start":{"line":733,"column":70},"end":{"line":733,"column":null}},"365":{"start":{"line":734,"column":32},"end":{"line":752,"column":null}},"366":{"start":{"line":735,"column":8},"end":{"line":737,"column":null}},"367":{"start":{"line":736,"column":10},"end":{"line":736,"column":null}},"368":{"start":{"line":739,"column":35},"end":{"line":739,"column":null}},"369":{"start":{"line":739,"column":70},"end":{"line":739,"column":null}},"370":{"start":{"line":742,"column":8},"end":{"line":749,"column":null}},"371":{"start":{"line":743,"column":10},"end":{"line":749,"column":null}},"372":{"start":{"line":744,"column":12},"end":{"line":749,"column":null}},"373":{"start":{"line":753,"column":6},"end":{"line":753,"column":null}},"374":{"start":{"line":756,"column":4},"end":{"line":756,"column":null}},"375":{"start":{"line":756,"column":34},"end":{"line":756,"column":null}},"376":{"start":{"line":759,"column":34},"end":{"line":769,"column":null}},"377":{"start":{"line":771,"column":27},"end":{"line":775,"column":null}},"378":{"start":{"line":775,"column":23},"end":{"line":775,"column":31}},"379":{"start":{"line":778,"column":29},"end":{"line":779,"column":null}},"380":{"start":{"line":779,"column":6},"end":{"line":779,"column":null}},"381":{"start":{"line":782,"column":4},"end":{"line":800,"column":null}},"382":{"start":{"line":783,"column":33},"end":{"line":798,"column":null}},"383":{"start":{"line":784,"column":8},"end":{"line":786,"column":null}},"384":{"start":{"line":785,"column":10},"end":{"line":785,"column":null}},"385":{"start":{"line":788,"column":32},"end":{"line":792,"column":null}},"386":{"start":{"line":792,"column":27},"end":{"line":792,"column":35}},"387":{"start":{"line":795,"column":8},"end":{"line":796,"column":null}},"388":{"start":{"line":796,"column":10},"end":{"line":796,"column":null}},"389":{"start":{"line":799,"column":6},"end":{"line":799,"column":null}},"390":{"start":{"line":802,"column":4},"end":{"line":802,"column":null}},"391":{"start":{"line":802,"column":34},"end":{"line":802,"column":null}},"392":{"start":{"line":805,"column":23},"end":{"line":808,"column":null}},"393":{"start":{"line":808,"column":21},"end":{"line":808,"column":null}},"394":{"start":{"line":810,"column":4},"end":{"line":817,"column":null}},"395":{"start":{"line":811,"column":29},"end":{"line":814,"column":null}},"396":{"start":{"line":812,"column":8},"end":{"line":814,"column":null}},"397":{"start":{"line":816,"column":6},"end":{"line":816,"column":null}},"398":{"start":{"line":819,"column":4},"end":{"line":819,"column":null}},"399":{"start":{"line":819,"column":34},"end":{"line":819,"column":null}},"400":{"start":{"line":822,"column":27},"end":{"line":826,"column":39}},"401":{"start":{"line":826,"column":21},"end":{"line":826,"column":39}},"402":{"start":{"line":828,"column":4},"end":{"line":845,"column":null}},"403":{"start":{"line":829,"column":26},"end":{"line":843,"column":null}},"404":{"start":{"line":830,"column":8},"end":{"line":832,"column":null}},"405":{"start":{"line":831,"column":10},"end":{"line":831,"column":null}},"406":{"start":{"line":834,"column":28},"end":{"line":838,"column":null}},"407":{"start":{"line":838,"column":27},"end":{"line":838,"column":35}},"408":{"start":{"line":840,"column":8},"end":{"line":841,"column":null}},"409":{"start":{"line":841,"column":10},"end":{"line":841,"column":null}},"410":{"start":{"line":844,"column":6},"end":{"line":844,"column":null}},"411":{"start":{"line":847,"column":4},"end":{"line":847,"column":null}},"412":{"start":{"line":847,"column":34},"end":{"line":847,"column":null}},"413":{"start":{"line":850,"column":26},"end":{"line":874,"column":null}},"414":{"start":{"line":851,"column":6},"end":{"line":853,"column":null}},"415":{"start":{"line":852,"column":8},"end":{"line":852,"column":null}},"416":{"start":{"line":856,"column":6},"end":{"line":864,"column":null}},"417":{"start":{"line":858,"column":8},"end":{"line":858,"column":null}},"418":{"start":{"line":858,"column":85},"end":{"line":858,"column":null}},"419":{"start":{"line":859,"column":8},"end":{"line":863,"column":null}},"420":{"start":{"line":860,"column":32},"end":{"line":860,"column":null}},"421":{"start":{"line":860,"column":70},"end":{"line":860,"column":null}},"422":{"start":{"line":861,"column":33},"end":{"line":861,"column":null}},"423":{"start":{"line":861,"column":68},"end":{"line":861,"column":null}},"424":{"start":{"line":862,"column":10},"end":{"line":862,"column":null}},"425":{"start":{"line":862,"column":38},"end":{"line":862,"column":67}},"426":{"start":{"line":862,"column":67},"end":{"line":862,"column":null}},"427":{"start":{"line":867,"column":6},"end":{"line":871,"column":null}},"428":{"start":{"line":868,"column":28},"end":{"line":868,"column":null}},"429":{"start":{"line":868,"column":71},"end":{"line":868,"column":null}},"430":{"start":{"line":869,"column":29},"end":{"line":869,"column":null}},"431":{"start":{"line":869,"column":69},"end":{"line":869,"column":null}},"432":{"start":{"line":870,"column":8},"end":{"line":870,"column":null}},"433":{"start":{"line":870,"column":34},"end":{"line":870,"column":61}},"434":{"start":{"line":870,"column":61},"end":{"line":870,"column":null}},"435":{"start":{"line":873,"column":6},"end":{"line":873,"column":null}},"436":{"start":{"line":876,"column":4},"end":{"line":876,"column":null}},"437":{"start":{"line":878,"column":4},"end":{"line":878,"column":null}},"438":{"start":{"line":881,"column":2},"end":{"line":887,"column":null}},"439":{"start":{"line":955,"column":33},"end":{"line":955,"column":null}},"440":{"start":{"line":965,"column":31},"end":{"line":965,"column":null}},"441":{"start":{"line":976,"column":33},"end":{"line":976,"column":null}},"442":{"start":{"line":986,"column":33},"end":{"line":986,"column":null}},"443":{"start":{"line":996,"column":33},"end":{"line":996,"column":null}},"444":{"start":{"line":1009,"column":31},"end":{"line":1009,"column":null}},"445":{"start":{"line":1042,"column":31},"end":{"line":1042,"column":null}},"446":{"start":{"line":1061,"column":33},"end":{"line":1061,"column":null}},"447":{"start":{"line":1071,"column":18},"end":{"line":1073,"column":null}},"448":{"start":{"line":1072,"column":20},"end":{"line":1072,"column":null}},"449":{"start":{"line":1074,"column":18},"end":{"line":1074,"column":null}},"450":{"start":{"line":1108,"column":25},"end":{"line":1108,"column":null}}},"fnMap":{"0":{"name":"Home","decl":{"start":{"line":14,"column":24},"end":{"line":14,"column":null}},"loc":{"start":{"line":14,"column":24},"end":{"line":1123,"column":null}}},"1":{"name":"(anonymous_3)","decl":{"start":{"line":55,"column":24},"end":{"line":55,"column":25}},"loc":{"start":{"line":55,"column":25},"end":{"line":57,"column":null}}},"2":{"name":"(anonymous_4)","decl":{"start":{"line":59,"column":39},"end":{"line":59,"column":null}},"loc":{"start":{"line":59,"column":39},"end":{"line":68,"column":5}}},"3":{"name":"(anonymous_5)","decl":{"start":{"line":70,"column":41},"end":{"line":70,"column":42}},"loc":{"start":{"line":70,"column":42},"end":{"line":77,"column":5}}},"4":{"name":"(anonymous_6)","decl":{"start":{"line":75,"column":37},"end":{"line":75,"column":38}},"loc":{"start":{"line":75,"column":47},"end":{"line":75,"column":null}}},"5":{"name":"(anonymous_7)","decl":{"start":{"line":79,"column":35},"end":{"line":79,"column":null}},"loc":{"start":{"line":79,"column":35},"end":{"line":115,"column":5}}},"6":{"name":"(anonymous_8)","decl":{"start":{"line":86,"column":35},"end":{"line":86,"column":36}},"loc":{"start":{"line":86,"column":49},"end":{"line":90,"column":null}}},"7":{"name":"(anonymous_9)","decl":{"start":{"line":118,"column":12},"end":{"line":118,"column":null}},"loc":{"start":{"line":118,"column":12},"end":{"line":157,"column":5}}},"8":{"name":"(anonymous_10)","decl":{"start":{"line":119,"column":27},"end":{"line":119,"column":null}},"loc":{"start":{"line":119,"column":27},"end":{"line":127,"column":null}}},"9":{"name":"(anonymous_11)","decl":{"start":{"line":123,"column":31},"end":{"line":123,"column":null}},"loc":{"start":{"line":123,"column":31},"end":{"line":125,"column":9}}},"10":{"name":"(anonymous_12)","decl":{"start":{"line":129,"column":27},"end":{"line":129,"column":null}},"loc":{"start":{"line":129,"column":27},"end":{"line":135,"column":null}}},"11":{"name":"(anonymous_13)","decl":{"start":{"line":141,"column":31},"end":{"line":141,"column":null}},"loc":{"start":{"line":141,"column":31},"end":{"line":143,"column":null}}},"12":{"name":"(anonymous_14)","decl":{"start":{"line":149,"column":11},"end":{"line":149,"column":null}},"loc":{"start":{"line":149,"column":11},"end":{"line":156,"column":null}}},"13":{"name":"(anonymous_15)","decl":{"start":{"line":159,"column":31},"end":{"line":159,"column":32}},"loc":{"start":{"line":159,"column":32},"end":{"line":215,"column":null}}},"14":{"name":"(anonymous_16)","decl":{"start":{"line":164,"column":21},"end":{"line":164,"column":null}},"loc":{"start":{"line":164,"column":21},"end":{"line":202,"column":null}}},"15":{"name":"(anonymous_17)","decl":{"start":{"line":175,"column":63},"end":{"line":175,"column":68}},"loc":{"start":{"line":175,"column":68},"end":{"line":175,"column":null}}},"16":{"name":"(anonymous_18)","decl":{"start":{"line":176,"column":30},"end":{"line":176,"column":null}},"loc":{"start":{"line":176,"column":30},"end":{"line":180,"column":null}}},"17":{"name":"(anonymous_19)","decl":{"start":{"line":184,"column":24},"end":{"line":184,"column":null}},"loc":{"start":{"line":184,"column":24},"end":{"line":186,"column":null}}},"18":{"name":"(anonymous_20)","decl":{"start":{"line":190,"column":62},"end":{"line":190,"column":67}},"loc":{"start":{"line":190,"column":67},"end":{"line":190,"column":null}}},"19":{"name":"(anonymous_21)","decl":{"start":{"line":191,"column":24},"end":{"line":191,"column":null}},"loc":{"start":{"line":191,"column":24},"end":{"line":193,"column":null}}},"20":{"name":"(anonymous_22)","decl":{"start":{"line":197,"column":62},"end":{"line":197,"column":67}},"loc":{"start":{"line":197,"column":67},"end":{"line":197,"column":null}}},"21":{"name":"(anonymous_23)","decl":{"start":{"line":198,"column":24},"end":{"line":198,"column":null}},"loc":{"start":{"line":198,"column":24},"end":{"line":200,"column":null}}},"22":{"name":"(anonymous_24)","decl":{"start":{"line":206,"column":13},"end":{"line":206,"column":14}},"loc":{"start":{"line":206,"column":34},"end":{"line":206,"column":null}}},"23":{"name":"(anonymous_25)","decl":{"start":{"line":207,"column":14},"end":{"line":207,"column":15}},"loc":{"start":{"line":207,"column":24},"end":{"line":207,"column":41}}},"24":{"name":"(anonymous_26)","decl":{"start":{"line":212,"column":13},"end":{"line":212,"column":14}},"loc":{"start":{"line":212,"column":34},"end":{"line":212,"column":null}}},"25":{"name":"(anonymous_27)","decl":{"start":{"line":213,"column":14},"end":{"line":213,"column":15}},"loc":{"start":{"line":213,"column":24},"end":{"line":213,"column":41}}},"26":{"name":"(anonymous_28)","decl":{"start":{"line":217,"column":35},"end":{"line":217,"column":null}},"loc":{"start":{"line":217,"column":35},"end":{"line":415,"column":5}}},"27":{"name":"(anonymous_29)","decl":{"start":{"line":221,"column":31},"end":{"line":221,"column":39}},"loc":{"start":{"line":221,"column":39},"end":{"line":221,"column":null}}},"28":{"name":"(anonymous_30)","decl":{"start":{"line":224,"column":31},"end":{"line":224,"column":39}},"loc":{"start":{"line":224,"column":39},"end":{"line":224,"column":null}}},"29":{"name":"(anonymous_31)","decl":{"start":{"line":228,"column":33},"end":{"line":228,"column":null}},"loc":{"start":{"line":230,"column":10},"end":{"line":234,"column":null}}},"30":{"name":"(anonymous_32)","decl":{"start":{"line":241,"column":33},"end":{"line":241,"column":null}},"loc":{"start":{"line":241,"column":33},"end":{"line":251,"column":null}}},"31":{"name":"(anonymous_33)","decl":{"start":{"line":256,"column":33},"end":{"line":256,"column":null}},"loc":{"start":{"line":258,"column":10},"end":{"line":259,"column":null}}},"32":{"name":"(anonymous_34)","decl":{"start":{"line":266,"column":33},"end":{"line":266,"column":41}},"loc":{"start":{"line":266,"column":41},"end":{"line":266,"column":75}}},"33":{"name":"(anonymous_35)","decl":{"start":{"line":271,"column":33},"end":{"line":271,"column":null}},"loc":{"start":{"line":272,"column":8},"end":{"line":272,"column":38}}},"34":{"name":"(anonymous_36)","decl":{"start":{"line":278,"column":33},"end":{"line":278,"column":null}},"loc":{"start":{"line":279,"column":9},"end":{"line":279,"column":35}}},"35":{"name":"(anonymous_37)","decl":{"start":{"line":285,"column":33},"end":{"line":285,"column":null}},"loc":{"start":{"line":286,"column":9},"end":{"line":286,"column":40}}},"36":{"name":"(anonymous_38)","decl":{"start":{"line":292,"column":33},"end":{"line":292,"column":null}},"loc":{"start":{"line":293,"column":9},"end":{"line":293,"column":51}}},"37":{"name":"(anonymous_39)","decl":{"start":{"line":299,"column":33},"end":{"line":299,"column":null}},"loc":{"start":{"line":300,"column":9},"end":{"line":300,"column":55}}},"38":{"name":"(anonymous_40)","decl":{"start":{"line":306,"column":33},"end":{"line":306,"column":null}},"loc":{"start":{"line":307,"column":9},"end":{"line":307,"column":51}}},"39":{"name":"(anonymous_41)","decl":{"start":{"line":313,"column":33},"end":{"line":313,"column":null}},"loc":{"start":{"line":313,"column":33},"end":{"line":324,"column":null}}},"40":{"name":"(anonymous_42)","decl":{"start":{"line":329,"column":33},"end":{"line":329,"column":null}},"loc":{"start":{"line":330,"column":8},"end":{"line":330,"column":null}}},"41":{"name":"(anonymous_43)","decl":{"start":{"line":336,"column":33},"end":{"line":336,"column":null}},"loc":{"start":{"line":337,"column":8},"end":{"line":337,"column":null}}},"42":{"name":"(anonymous_44)","decl":{"start":{"line":343,"column":33},"end":{"line":343,"column":null}},"loc":{"start":{"line":344,"column":8},"end":{"line":344,"column":null}}},"43":{"name":"(anonymous_45)","decl":{"start":{"line":350,"column":33},"end":{"line":350,"column":null}},"loc":{"start":{"line":351,"column":8},"end":{"line":351,"column":71}}},"44":{"name":"(anonymous_46)","decl":{"start":{"line":358,"column":35},"end":{"line":358,"column":43}},"loc":{"start":{"line":358,"column":43},"end":{"line":358,"column":null}}},"45":{"name":"(anonymous_47)","decl":{"start":{"line":360,"column":35},"end":{"line":360,"column":43}},"loc":{"start":{"line":360,"column":43},"end":{"line":360,"column":null}}},"46":{"name":"(anonymous_48)","decl":{"start":{"line":366,"column":33},"end":{"line":366,"column":null}},"loc":{"start":{"line":366,"column":33},"end":{"line":382,"column":null}}},"47":{"name":"(anonymous_49)","decl":{"start":{"line":386,"column":38},"end":{"line":386,"column":39}},"loc":{"start":{"line":386,"column":42},"end":{"line":412,"column":null}}},"48":{"name":"(anonymous_50)","decl":{"start":{"line":417,"column":40},"end":{"line":417,"column":null}},"loc":{"start":{"line":417,"column":40},"end":{"line":461,"column":5}}},"49":{"name":"(anonymous_51)","decl":{"start":{"line":463,"column":43},"end":{"line":463,"column":50}},"loc":{"start":{"line":463,"column":50},"end":{"line":488,"column":5}}},"50":{"name":"(anonymous_52)","decl":{"start":{"line":476,"column":19},"end":{"line":476,"column":25}},"loc":{"start":{"line":476,"column":25},"end":{"line":476,"column":48}}},"51":{"name":"(anonymous_53)","decl":{"start":{"line":479,"column":19},"end":{"line":479,"column":25}},"loc":{"start":{"line":479,"column":25},"end":{"line":479,"column":48}}},"52":{"name":"(anonymous_54)","decl":{"start":{"line":485,"column":17},"end":{"line":485,"column":23}},"loc":{"start":{"line":485,"column":23},"end":{"line":485,"column":46}}},"53":{"name":"(anonymous_55)","decl":{"start":{"line":490,"column":12},"end":{"line":490,"column":null}},"loc":{"start":{"line":490,"column":12},"end":{"line":492,"column":5}}},"54":{"name":"(anonymous_56)","decl":{"start":{"line":494,"column":12},"end":{"line":494,"column":null}},"loc":{"start":{"line":494,"column":12},"end":{"line":496,"column":5}}},"55":{"name":"(anonymous_57)","decl":{"start":{"line":498,"column":26},"end":{"line":498,"column":27}},"loc":{"start":{"line":498,"column":27},"end":{"line":500,"column":null}}},"56":{"name":"(anonymous_58)","decl":{"start":{"line":503,"column":24},"end":{"line":503,"column":25}},"loc":{"start":{"line":503,"column":25},"end":{"line":513,"column":null}}},"57":{"name":"(anonymous_59)","decl":{"start":{"line":516,"column":25},"end":{"line":516,"column":26}},"loc":{"start":{"line":516,"column":26},"end":{"line":518,"column":null}}},"58":{"name":"(anonymous_60)","decl":{"start":{"line":520,"column":26},"end":{"line":520,"column":33}},"loc":{"start":{"line":520,"column":69},"end":{"line":611,"column":null}}},"59":{"name":"(anonymous_61)","decl":{"start":{"line":536,"column":41},"end":{"line":536,"column":42}},"loc":{"start":{"line":536,"column":56},"end":{"line":536,"column":84}}},"60":{"name":"(anonymous_62)","decl":{"start":{"line":552,"column":58},"end":{"line":552,"column":59}},"loc":{"start":{"line":552,"column":70},"end":{"line":552,"column":94}}},"61":{"name":"(anonymous_63)","decl":{"start":{"line":567,"column":54},"end":{"line":567,"column":55}},"loc":{"start":{"line":567,"column":79},"end":{"line":567,"column":95}}},"62":{"name":"(anonymous_64)","decl":{"start":{"line":569,"column":14},"end":{"line":569,"column":15}},"loc":{"start":{"line":569,"column":26},"end":{"line":569,"column":null}}},"63":{"name":"(anonymous_65)","decl":{"start":{"line":570,"column":14},"end":{"line":570,"column":15}},"loc":{"start":{"line":570,"column":39},"end":{"line":570,"column":55}}},"64":{"name":"(anonymous_66)","decl":{"start":{"line":572,"column":14},"end":{"line":572,"column":15}},"loc":{"start":{"line":572,"column":26},"end":{"line":572,"column":null}}},"65":{"name":"(anonymous_67)","decl":{"start":{"line":573,"column":14},"end":{"line":573,"column":15}},"loc":{"start":{"line":573,"column":39},"end":{"line":573,"column":55}}},"66":{"name":"(anonymous_68)","decl":{"start":{"line":575,"column":14},"end":{"line":575,"column":15}},"loc":{"start":{"line":575,"column":26},"end":{"line":575,"column":null}}},"67":{"name":"(anonymous_69)","decl":{"start":{"line":576,"column":14},"end":{"line":576,"column":15}},"loc":{"start":{"line":576,"column":39},"end":{"line":576,"column":55}}},"68":{"name":"(anonymous_70)","decl":{"start":{"line":599,"column":45},"end":{"line":599,"column":46}},"loc":{"start":{"line":599,"column":60},"end":{"line":599,"column":null}}},"69":{"name":"(anonymous_71)","decl":{"start":{"line":610,"column":15},"end":{"line":610,"column":21}},"loc":{"start":{"line":610,"column":21},"end":{"line":610,"column":44}}},"70":{"name":"(anonymous_72)","decl":{"start":{"line":613,"column":26},"end":{"line":613,"column":27}},"loc":{"start":{"line":613,"column":27},"end":{"line":879,"column":null}}},"71":{"name":"(anonymous_73)","decl":{"start":{"line":620,"column":21},"end":{"line":620,"column":22}},"loc":{"start":{"line":620,"column":22},"end":{"line":628,"column":null}}},"72":{"name":"(anonymous_74)","decl":{"start":{"line":632,"column":41},"end":{"line":632,"column":null}},"loc":{"start":{"line":633,"column":8},"end":{"line":634,"column":28}}},"73":{"name":"(anonymous_75)","decl":{"start":{"line":644,"column":39},"end":{"line":644,"column":null}},"loc":{"start":{"line":645,"column":8},"end":{"line":647,"column":null}}},"74":{"name":"(anonymous_76)","decl":{"start":{"line":666,"column":37},"end":{"line":666,"column":null}},"loc":{"start":{"line":667,"column":8},"end":{"line":669,"column":null}}},"75":{"name":"(anonymous_77)","decl":{"start":{"line":678,"column":42},"end":{"line":678,"column":null}},"loc":{"start":{"line":679,"column":8},"end":{"line":681,"column":38}}},"76":{"name":"(anonymous_78)","decl":{"start":{"line":695,"column":43},"end":{"line":695,"column":null}},"loc":{"start":{"line":696,"column":10},"end":{"line":699,"column":null}}},"77":{"name":"(anonymous_79)","decl":{"start":{"line":703,"column":40},"end":{"line":703,"column":null}},"loc":{"start":{"line":704,"column":10},"end":{"line":707,"column":null}}},"78":{"name":"(anonymous_80)","decl":{"start":{"line":709,"column":41},"end":{"line":709,"column":null}},"loc":{"start":{"line":710,"column":10},"end":{"line":713,"column":null}}},"79":{"name":"(anonymous_81)","decl":{"start":{"line":718,"column":43},"end":{"line":718,"column":null}},"loc":{"start":{"line":719,"column":10},"end":{"line":722,"column":null}}},"80":{"name":"(anonymous_82)","decl":{"start":{"line":733,"column":65},"end":{"line":733,"column":70}},"loc":{"start":{"line":733,"column":70},"end":{"line":733,"column":null}}},"81":{"name":"(anonymous_83)","decl":{"start":{"line":734,"column":45},"end":{"line":734,"column":null}},"loc":{"start":{"line":734,"column":45},"end":{"line":752,"column":null}}},"82":{"name":"(anonymous_84)","decl":{"start":{"line":739,"column":65},"end":{"line":739,"column":70}},"loc":{"start":{"line":739,"column":70},"end":{"line":739,"column":null}}},"83":{"name":"(anonymous_85)","decl":{"start":{"line":742,"column":38},"end":{"line":742,"column":null}},"loc":{"start":{"line":743,"column":10},"end":{"line":749,"column":null}}},"84":{"name":"(anonymous_86)","decl":{"start":{"line":743,"column":34},"end":{"line":743,"column":null}},"loc":{"start":{"line":744,"column":12},"end":{"line":749,"column":null}}},"85":{"name":"(anonymous_87)","decl":{"start":{"line":775,"column":13},"end":{"line":775,"column":23}},"loc":{"start":{"line":775,"column":23},"end":{"line":775,"column":31}}},"86":{"name":"(anonymous_88)","decl":{"start":{"line":778,"column":58},"end":{"line":778,"column":null}},"loc":{"start":{"line":779,"column":6},"end":{"line":779,"column":null}}},"87":{"name":"(anonymous_89)","decl":{"start":{"line":783,"column":46},"end":{"line":783,"column":null}},"loc":{"start":{"line":783,"column":46},"end":{"line":798,"column":null}}},"88":{"name":"(anonymous_90)","decl":{"start":{"line":792,"column":17},"end":{"line":792,"column":27}},"loc":{"start":{"line":792,"column":27},"end":{"line":792,"column":35}}},"89":{"name":"(anonymous_91)","decl":{"start":{"line":795,"column":37},"end":{"line":795,"column":null}},"loc":{"start":{"line":796,"column":10},"end":{"line":796,"column":null}}},"90":{"name":"(anonymous_92)","decl":{"start":{"line":808,"column":13},"end":{"line":808,"column":21}},"loc":{"start":{"line":808,"column":21},"end":{"line":808,"column":null}}},"91":{"name":"(anonymous_93)","decl":{"start":{"line":811,"column":42},"end":{"line":811,"column":null}},"loc":{"start":{"line":812,"column":8},"end":{"line":814,"column":null}}},"92":{"name":"(anonymous_94)","decl":{"start":{"line":826,"column":13},"end":{"line":826,"column":21}},"loc":{"start":{"line":826,"column":21},"end":{"line":826,"column":39}}},"93":{"name":"(anonymous_95)","decl":{"start":{"line":829,"column":39},"end":{"line":829,"column":null}},"loc":{"start":{"line":829,"column":39},"end":{"line":843,"column":null}}},"94":{"name":"(anonymous_96)","decl":{"start":{"line":838,"column":17},"end":{"line":838,"column":27}},"loc":{"start":{"line":838,"column":27},"end":{"line":838,"column":35}}},"95":{"name":"(anonymous_97)","decl":{"start":{"line":840,"column":35},"end":{"line":840,"column":null}},"loc":{"start":{"line":841,"column":10},"end":{"line":841,"column":null}}},"96":{"name":"(anonymous_98)","decl":{"start":{"line":850,"column":39},"end":{"line":850,"column":null}},"loc":{"start":{"line":850,"column":39},"end":{"line":874,"column":null}}},"97":{"name":"(anonymous_99)","decl":{"start":{"line":860,"column":65},"end":{"line":860,"column":70}},"loc":{"start":{"line":860,"column":70},"end":{"line":860,"column":null}}},"98":{"name":"(anonymous_100)","decl":{"start":{"line":861,"column":63},"end":{"line":861,"column":68}},"loc":{"start":{"line":861,"column":68},"end":{"line":861,"column":null}}},"99":{"name":"(anonymous_101)","decl":{"start":{"line":862,"column":33},"end":{"line":862,"column":38}},"loc":{"start":{"line":862,"column":38},"end":{"line":862,"column":67}}},"100":{"name":"(anonymous_102)","decl":{"start":{"line":868,"column":66},"end":{"line":868,"column":71}},"loc":{"start":{"line":868,"column":71},"end":{"line":868,"column":null}}},"101":{"name":"(anonymous_103)","decl":{"start":{"line":869,"column":64},"end":{"line":869,"column":69}},"loc":{"start":{"line":869,"column":69},"end":{"line":869,"column":null}}},"102":{"name":"(anonymous_104)","decl":{"start":{"line":870,"column":29},"end":{"line":870,"column":34}},"loc":{"start":{"line":870,"column":34},"end":{"line":870,"column":61}}},"103":{"name":"(anonymous_105)","decl":{"start":{"line":955,"column":26},"end":{"line":955,"column":27}},"loc":{"start":{"line":955,"column":33},"end":{"line":955,"column":null}}},"104":{"name":"(anonymous_106)","decl":{"start":{"line":965,"column":25},"end":{"line":965,"column":31}},"loc":{"start":{"line":965,"column":31},"end":{"line":965,"column":null}}},"105":{"name":"(anonymous_107)","decl":{"start":{"line":976,"column":27},"end":{"line":976,"column":33}},"loc":{"start":{"line":976,"column":33},"end":{"line":976,"column":null}}},"106":{"name":"(anonymous_108)","decl":{"start":{"line":986,"column":27},"end":{"line":986,"column":33}},"loc":{"start":{"line":986,"column":33},"end":{"line":986,"column":null}}},"107":{"name":"(anonymous_109)","decl":{"start":{"line":996,"column":27},"end":{"line":996,"column":33}},"loc":{"start":{"line":996,"column":33},"end":{"line":996,"column":null}}},"108":{"name":"(anonymous_110)","decl":{"start":{"line":1009,"column":25},"end":{"line":1009,"column":31}},"loc":{"start":{"line":1009,"column":31},"end":{"line":1009,"column":null}}},"109":{"name":"(anonymous_111)","decl":{"start":{"line":1042,"column":24},"end":{"line":1042,"column":25}},"loc":{"start":{"line":1042,"column":31},"end":{"line":1042,"column":null}}},"110":{"name":"(anonymous_112)","decl":{"start":{"line":1061,"column":27},"end":{"line":1061,"column":33}},"loc":{"start":{"line":1061,"column":33},"end":{"line":1061,"column":null}}},"111":{"name":"(anonymous_113)","decl":{"start":{"line":1070,"column":30},"end":{"line":1070,"column":null}},"loc":{"start":{"line":1070,"column":30},"end":{"line":1075,"column":null}}},"112":{"name":"(anonymous_114)","decl":{"start":{"line":1108,"column":19},"end":{"line":1108,"column":25}},"loc":{"start":{"line":1108,"column":25},"end":{"line":1108,"column":null}}}},"branchMap":{"0":{"loc":{"start":{"line":56,"column":11},"end":{"line":56,"column":null}},"type":"binary-expr","locations":[{"start":{"line":56,"column":11},"end":{"line":56,"column":44}},{"start":{"line":56,"column":44},"end":{"line":56,"column":null}}]},"1":{"loc":{"start":{"line":56,"column":45},"end":{"line":56,"column":63}},"type":"binary-expr","locations":[{"start":{"line":56,"column":45},"end":{"line":56,"column":58}},{"start":{"line":56,"column":62},"end":{"line":56,"column":63}}]},"2":{"loc":{"start":{"line":72,"column":4},"end":{"line":72,"column":null}},"type":"if","locations":[{"start":{"line":72,"column":4},"end":{"line":72,"column":null}},{"start":{},"end":{}}]},"3":{"loc":{"start":{"line":72,"column":8},"end":{"line":72,"column":40}},"type":"binary-expr","locations":[{"start":{"line":72,"column":8},"end":{"line":72,"column":19}},{"start":{"line":72,"column":19},"end":{"line":72,"column":40}}]},"4":{"loc":{"start":{"line":87,"column":20},"end":{"line":87,"column":null}},"type":"binary-expr","locations":[{"start":{"line":87,"column":20},"end":{"line":87,"column":69}},{"start":{"line":87,"column":69},"end":{"line":87,"column":null}}]},"5":{"loc":{"start":{"line":88,"column":20},"end":{"line":88,"column":null}},"type":"binary-expr","locations":[{"start":{"line":88,"column":20},"end":{"line":88,"column":69}},{"start":{"line":88,"column":69},"end":{"line":88,"column":null}}]},"6":{"loc":{"start":{"line":105,"column":6},"end":{"line":109,"column":null}},"type":"if","locations":[{"start":{"line":105,"column":6},"end":{"line":109,"column":null}},{"start":{},"end":{}}]},"7":{"loc":{"start":{"line":120,"column":6},"end":{"line":122,"column":null}},"type":"if","locations":[{"start":{"line":120,"column":6},"end":{"line":122,"column":null}},{"start":{},"end":{}}]},"8":{"loc":{"start":{"line":130,"column":6},"end":{"line":132,"column":null}},"type":"if","locations":[{"start":{"line":130,"column":6},"end":{"line":132,"column":null}},{"start":{},"end":{}}]},"9":{"loc":{"start":{"line":150,"column":6},"end":{"line":152,"column":null}},"type":"if","locations":[{"start":{"line":150,"column":6},"end":{"line":152,"column":null}},{"start":{},"end":{}}]},"10":{"loc":{"start":{"line":169,"column":6},"end":{"line":171,"column":null}},"type":"if","locations":[{"start":{"line":169,"column":6},"end":{"line":171,"column":null}},{"start":{},"end":{}}]},"11":{"loc":{"start":{"line":169,"column":10},"end":{"line":169,"column":90}},"type":"binary-expr","locations":[{"start":{"line":169,"column":10},"end":{"line":169,"column":26}},{"start":{"line":169,"column":30},"end":{"line":169,"column":64}},{"start":{"line":169,"column":64},"end":{"line":169,"column":90}}]},"12":{"loc":{"start":{"line":174,"column":6},"end":{"line":181,"column":null}},"type":"if","locations":[{"start":{"line":174,"column":6},"end":{"line":181,"column":null}},{"start":{},"end":{}}]},"13":{"loc":{"start":{"line":174,"column":10},"end":{"line":174,"column":58}},"type":"binary-expr","locations":[{"start":{"line":174,"column":10},"end":{"line":174,"column":27}},{"start":{"line":174,"column":31},"end":{"line":174,"column":58}}]},"14":{"loc":{"start":{"line":177,"column":10},"end":{"line":179,"column":null}},"type":"if","locations":[{"start":{"line":177,"column":10},"end":{"line":179,"column":null}},{"start":{},"end":{}}]},"15":{"loc":{"start":{"line":177,"column":14},"end":{"line":177,"column":42}},"type":"binary-expr","locations":[{"start":{"line":177,"column":14},"end":{"line":177,"column":25}},{"start":{"line":177,"column":25},"end":{"line":177,"column":42}}]},"16":{"loc":{"start":{"line":185,"column":33},"end":{"line":185,"column":65}},"type":"binary-expr","locations":[{"start":{"line":185,"column":33},"end":{"line":185,"column":60}},{"start":{"line":185,"column":60},"end":{"line":185,"column":65}}]},"17":{"loc":{"start":{"line":189,"column":6},"end":{"line":194,"column":null}},"type":"if","locations":[{"start":{"line":189,"column":6},"end":{"line":194,"column":null}},{"start":{},"end":{}}]},"18":{"loc":{"start":{"line":192,"column":37},"end":{"line":192,"column":71}},"type":"binary-expr","locations":[{"start":{"line":192,"column":37},"end":{"line":192,"column":66}},{"start":{"line":192,"column":66},"end":{"line":192,"column":71}}]},"19":{"loc":{"start":{"line":196,"column":6},"end":{"line":201,"column":null}},"type":"if","locations":[{"start":{"line":196,"column":6},"end":{"line":201,"column":null}},{"start":{},"end":{}}]},"20":{"loc":{"start":{"line":196,"column":10},"end":{"line":196,"column":68}},"type":"binary-expr","locations":[{"start":{"line":196,"column":10},"end":{"line":196,"column":32}},{"start":{"line":196,"column":36},"end":{"line":196,"column":68}}]},"21":{"loc":{"start":{"line":199,"column":37},"end":{"line":199,"column":71}},"type":"binary-expr","locations":[{"start":{"line":199,"column":37},"end":{"line":199,"column":66}},{"start":{"line":199,"column":66},"end":{"line":199,"column":71}}]},"22":{"loc":{"start":{"line":221,"column":39},"end":{"line":221,"column":null}},"type":"binary-expr","locations":[{"start":{"line":221,"column":39},"end":{"line":221,"column":72}},{"start":{"line":221,"column":72},"end":{"line":221,"column":null}}]},"23":{"loc":{"start":{"line":221,"column":74},"end":{"line":221,"column":92}},"type":"binary-expr","locations":[{"start":{"line":221,"column":74},"end":{"line":221,"column":87}},{"start":{"line":221,"column":91},"end":{"line":221,"column":92}}]},"24":{"loc":{"start":{"line":224,"column":39},"end":{"line":224,"column":null}},"type":"binary-expr","locations":[{"start":{"line":224,"column":39},"end":{"line":224,"column":48}},{"start":{"line":224,"column":52},"end":{"line":224,"column":null}}]},"25":{"loc":{"start":{"line":227,"column":4},"end":{"line":237,"column":null}},"type":"if","locations":[{"start":{"line":227,"column":4},"end":{"line":237,"column":null}},{"start":{},"end":{}}]},"26":{"loc":{"start":{"line":230,"column":10},"end":{"line":234,"column":null}},"type":"binary-expr","locations":[{"start":{"line":230,"column":10},"end":{"line":230,"column":null}},{"start":{"line":231,"column":10},"end":{"line":231,"column":null}},{"start":{"line":232,"column":10},"end":{"line":232,"column":null}},{"start":{"line":233,"column":10},"end":{"line":233,"column":null}},{"start":{"line":234,"column":10},"end":{"line":234,"column":null}}]},"27":{"loc":{"start":{"line":230,"column":11},"end":{"line":230,"column":25}},"type":"binary-expr","locations":[{"start":{"line":230,"column":11},"end":{"line":230,"column":20}},{"start":{"line":230,"column":24},"end":{"line":230,"column":25}}]},"28":{"loc":{"start":{"line":232,"column":11},"end":{"line":232,"column":33}},"type":"binary-expr","locations":[{"start":{"line":232,"column":11},"end":{"line":232,"column":28}},{"start":{"line":232,"column":32},"end":{"line":232,"column":33}}]},"29":{"loc":{"start":{"line":233,"column":11},"end":{"line":233,"column":33}},"type":"binary-expr","locations":[{"start":{"line":233,"column":11},"end":{"line":233,"column":28}},{"start":{"line":233,"column":32},"end":{"line":233,"column":33}}]},"30":{"loc":{"start":{"line":234,"column":11},"end":{"line":234,"column":34}},"type":"binary-expr","locations":[{"start":{"line":234,"column":11},"end":{"line":234,"column":29}},{"start":{"line":234,"column":33},"end":{"line":234,"column":34}}]},"31":{"loc":{"start":{"line":240,"column":4},"end":{"line":252,"column":null}},"type":"if","locations":[{"start":{"line":240,"column":4},"end":{"line":252,"column":null}},{"start":{},"end":{}}]},"32":{"loc":{"start":{"line":243,"column":8},"end":{"line":245,"column":null}},"type":"if","locations":[{"start":{"line":243,"column":8},"end":{"line":245,"column":null}},{"start":{},"end":{}}]},"33":{"loc":{"start":{"line":243,"column":12},"end":{"line":243,"column":76}},"type":"binary-expr","locations":[{"start":{"line":243,"column":12},"end":{"line":243,"column":28}},{"start":{"line":243,"column":32},"end":{"line":243,"column":76}}]},"34":{"loc":{"start":{"line":247,"column":8},"end":{"line":249,"column":null}},"type":"if","locations":[{"start":{"line":247,"column":8},"end":{"line":249,"column":null}},{"start":{},"end":{}}]},"35":{"loc":{"start":{"line":247,"column":12},"end":{"line":247,"column":78}},"type":"binary-expr","locations":[{"start":{"line":247,"column":12},"end":{"line":247,"column":29}},{"start":{"line":247,"column":33},"end":{"line":247,"column":78}}]},"36":{"loc":{"start":{"line":255,"column":4},"end":{"line":262,"column":null}},"type":"if","locations":[{"start":{"line":255,"column":4},"end":{"line":262,"column":null}},{"start":{},"end":{}}]},"37":{"loc":{"start":{"line":258,"column":10},"end":{"line":259,"column":null}},"type":"binary-expr","locations":[{"start":{"line":258,"column":10},"end":{"line":258,"column":33}},{"start":{"line":258,"column":37},"end":{"line":258,"column":null}},{"start":{"line":259,"column":11},"end":{"line":259,"column":33}},{"start":{"line":259,"column":37},"end":{"line":259,"column":null}}]},"38":{"loc":{"start":{"line":265,"column":4},"end":{"line":267,"column":null}},"type":"if","locations":[{"start":{"line":265,"column":4},"end":{"line":267,"column":null}},{"start":{},"end":{}}]},"39":{"loc":{"start":{"line":270,"column":4},"end":{"line":274,"column":null}},"type":"if","locations":[{"start":{"line":270,"column":4},"end":{"line":274,"column":null}},{"start":{},"end":{}}]},"40":{"loc":{"start":{"line":277,"column":4},"end":{"line":281,"column":null}},"type":"if","locations":[{"start":{"line":277,"column":4},"end":{"line":281,"column":null}},{"start":{},"end":{}}]},"41":{"loc":{"start":{"line":284,"column":4},"end":{"line":288,"column":null}},"type":"if","locations":[{"start":{"line":284,"column":4},"end":{"line":288,"column":null}},{"start":{},"end":{}}]},"42":{"loc":{"start":{"line":291,"column":4},"end":{"line":295,"column":null}},"type":"if","locations":[{"start":{"line":291,"column":4},"end":{"line":295,"column":null}},{"start":{},"end":{}}]},"43":{"loc":{"start":{"line":298,"column":4},"end":{"line":302,"column":null}},"type":"if","locations":[{"start":{"line":298,"column":4},"end":{"line":302,"column":null}},{"start":{},"end":{}}]},"44":{"loc":{"start":{"line":305,"column":4},"end":{"line":309,"column":null}},"type":"if","locations":[{"start":{"line":305,"column":4},"end":{"line":309,"column":null}},{"start":{},"end":{}}]},"45":{"loc":{"start":{"line":312,"column":4},"end":{"line":325,"column":null}},"type":"if","locations":[{"start":{"line":312,"column":4},"end":{"line":325,"column":null}},{"start":{},"end":{}}]},"46":{"loc":{"start":{"line":315,"column":8},"end":{"line":321,"column":null}},"type":"if","locations":[{"start":{"line":315,"column":8},"end":{"line":321,"column":null}},{"start":{},"end":{}}]},"47":{"loc":{"start":{"line":318,"column":12},"end":{"line":319,"column":null}},"type":"binary-expr","locations":[{"start":{"line":318,"column":12},"end":{"line":318,"column":27}},{"start":{"line":318,"column":27},"end":{"line":318,"column":null}},{"start":{"line":319,"column":13},"end":{"line":319,"column":27}},{"start":{"line":319,"column":27},"end":{"line":319,"column":null}}]},"48":{"loc":{"start":{"line":323,"column":16},"end":{"line":323,"column":100}},"type":"binary-expr","locations":[{"start":{"line":323,"column":16},"end":{"line":323,"column":56}},{"start":{"line":323,"column":60},"end":{"line":323,"column":100}}]},"49":{"loc":{"start":{"line":328,"column":4},"end":{"line":332,"column":null}},"type":"if","locations":[{"start":{"line":328,"column":4},"end":{"line":332,"column":null}},{"start":{},"end":{}}]},"50":{"loc":{"start":{"line":330,"column":8},"end":{"line":330,"column":null}},"type":"binary-expr","locations":[{"start":{"line":330,"column":8},"end":{"line":330,"column":32}},{"start":{"line":330,"column":32},"end":{"line":330,"column":49}},{"start":{"line":330,"column":53},"end":{"line":330,"column":null}}]},"51":{"loc":{"start":{"line":335,"column":4},"end":{"line":339,"column":null}},"type":"if","locations":[{"start":{"line":335,"column":4},"end":{"line":339,"column":null}},{"start":{},"end":{}}]},"52":{"loc":{"start":{"line":337,"column":8},"end":{"line":337,"column":null}},"type":"binary-expr","locations":[{"start":{"line":337,"column":8},"end":{"line":337,"column":32}},{"start":{"line":337,"column":32},"end":{"line":337,"column":52}},{"start":{"line":337,"column":56},"end":{"line":337,"column":88}}]},"53":{"loc":{"start":{"line":342,"column":4},"end":{"line":346,"column":null}},"type":"if","locations":[{"start":{"line":342,"column":4},"end":{"line":346,"column":null}},{"start":{},"end":{}}]},"54":{"loc":{"start":{"line":344,"column":8},"end":{"line":344,"column":null}},"type":"binary-expr","locations":[{"start":{"line":344,"column":8},"end":{"line":344,"column":32}},{"start":{"line":344,"column":32},"end":{"line":344,"column":50}},{"start":{"line":344,"column":54},"end":{"line":344,"column":84}}]},"55":{"loc":{"start":{"line":349,"column":4},"end":{"line":353,"column":null}},"type":"if","locations":[{"start":{"line":349,"column":4},"end":{"line":353,"column":null}},{"start":{},"end":{}}]},"56":{"loc":{"start":{"line":349,"column":8},"end":{"line":349,"column":105}},"type":"binary-expr","locations":[{"start":{"line":349,"column":8},"end":{"line":349,"column":34}},{"start":{"line":349,"column":39},"end":{"line":349,"column":56}},{"start":{"line":349,"column":60},"end":{"line":349,"column":80}},{"start":{"line":349,"column":84},"end":{"line":349,"column":102}}]},"57":{"loc":{"start":{"line":351,"column":8},"end":{"line":351,"column":71}},"type":"binary-expr","locations":[{"start":{"line":351,"column":8},"end":{"line":351,"column":31}},{"start":{"line":351,"column":31},"end":{"line":351,"column":71}}]},"58":{"loc":{"start":{"line":356,"column":4},"end":{"line":362,"column":null}},"type":"if","locations":[{"start":{"line":356,"column":4},"end":{"line":362,"column":null}},{"start":{},"end":{}}]},"59":{"loc":{"start":{"line":356,"column":8},"end":{"line":356,"column":50}},"type":"binary-expr","locations":[{"start":{"line":356,"column":8},"end":{"line":356,"column":21}},{"start":{"line":356,"column":25},"end":{"line":356,"column":50}}]},"60":{"loc":{"start":{"line":357,"column":6},"end":{"line":361,"column":null}},"type":"if","locations":[{"start":{"line":357,"column":6},"end":{"line":361,"column":null}},{"start":{"line":359,"column":13},"end":{"line":361,"column":null}}]},"61":{"loc":{"start":{"line":359,"column":13},"end":{"line":361,"column":null}},"type":"if","locations":[{"start":{"line":359,"column":13},"end":{"line":361,"column":null}},{"start":{},"end":{}}]},"62":{"loc":{"start":{"line":365,"column":4},"end":{"line":383,"column":null}},"type":"if","locations":[{"start":{"line":365,"column":4},"end":{"line":383,"column":null}},{"start":{},"end":{}}]},"63":{"loc":{"start":{"line":365,"column":8},"end":{"line":365,"column":60}},"type":"binary-expr","locations":[{"start":{"line":365,"column":8},"end":{"line":365,"column":26}},{"start":{"line":365,"column":30},"end":{"line":365,"column":60}}]},"64":{"loc":{"start":{"line":368,"column":22},"end":{"line":368,"column":null}},"type":"binary-expr","locations":[{"start":{"line":368,"column":22},"end":{"line":368,"column":44}},{"start":{"line":368,"column":44},"end":{"line":368,"column":null}}]},"65":{"loc":{"start":{"line":370,"column":8},"end":{"line":381,"column":null}},"type":"switch","locations":[{"start":{"line":371,"column":10},"end":{"line":372,"column":null}},{"start":{"line":373,"column":10},"end":{"line":374,"column":null}},{"start":{"line":375,"column":10},"end":{"line":376,"column":null}},{"start":{"line":377,"column":10},"end":{"line":378,"column":null}},{"start":{"line":379,"column":10},"end":{"line":380,"column":null}}]},"66":{"loc":{"start":{"line":372,"column":19},"end":{"line":372,"column":null}},"type":"binary-expr","locations":[{"start":{"line":372,"column":19},"end":{"line":372,"column":32}},{"start":{"line":372,"column":32},"end":{"line":372,"column":null}}]},"67":{"loc":{"start":{"line":374,"column":19},"end":{"line":374,"column":null}},"type":"binary-expr","locations":[{"start":{"line":374,"column":19},"end":{"line":374,"column":34}},{"start":{"line":374,"column":34},"end":{"line":374,"column":null}}]},"68":{"loc":{"start":{"line":378,"column":19},"end":{"line":378,"column":null}},"type":"binary-expr","locations":[{"start":{"line":378,"column":19},"end":{"line":378,"column":34}},{"start":{"line":378,"column":34},"end":{"line":378,"column":null}}]},"69":{"loc":{"start":{"line":389,"column":6},"end":{"line":409,"column":null}},"type":"switch","locations":[{"start":{"line":390,"column":8},"end":{"line":392,"column":null}},{"start":{"line":393,"column":8},"end":{"line":395,"column":null}},{"start":{"line":396,"column":8},"end":{"line":398,"column":null}},{"start":{"line":399,"column":8},"end":{"line":401,"column":null}},{"start":{"line":402,"column":8},"end":{"line":406,"column":null}},{"start":{"line":407,"column":8},"end":{"line":408,"column":null}}]},"70":{"loc":{"start":{"line":391,"column":24},"end":{"line":391,"column":35}},"type":"binary-expr","locations":[{"start":{"line":391,"column":24},"end":{"line":391,"column":30}},{"start":{"line":391,"column":34},"end":{"line":391,"column":35}}]},"71":{"loc":{"start":{"line":391,"column":52},"end":{"line":391,"column":null}},"type":"binary-expr","locations":[{"start":{"line":391,"column":52},"end":{"line":391,"column":58}},{"start":{"line":391,"column":62},"end":{"line":391,"column":null}}]},"72":{"loc":{"start":{"line":397,"column":24},"end":{"line":397,"column":37}},"type":"binary-expr","locations":[{"start":{"line":397,"column":24},"end":{"line":397,"column":32}},{"start":{"line":397,"column":36},"end":{"line":397,"column":37}}]},"73":{"loc":{"start":{"line":397,"column":54},"end":{"line":397,"column":null}},"type":"binary-expr","locations":[{"start":{"line":397,"column":54},"end":{"line":397,"column":62}},{"start":{"line":397,"column":66},"end":{"line":397,"column":null}}]},"74":{"loc":{"start":{"line":400,"column":24},"end":{"line":400,"column":35}},"type":"binary-expr","locations":[{"start":{"line":400,"column":24},"end":{"line":400,"column":30}},{"start":{"line":400,"column":34},"end":{"line":400,"column":35}}]},"75":{"loc":{"start":{"line":400,"column":52},"end":{"line":400,"column":null}},"type":"binary-expr","locations":[{"start":{"line":400,"column":52},"end":{"line":400,"column":58}},{"start":{"line":400,"column":62},"end":{"line":400,"column":null}}]},"76":{"loc":{"start":{"line":411,"column":13},"end":{"line":411,"column":null}},"type":"cond-expr","locations":[{"start":{"line":411,"column":40},"end":{"line":411,"column":54}},{"start":{"line":411,"column":54},"end":{"line":411,"column":null}}]},"77":{"loc":{"start":{"line":418,"column":4},"end":{"line":421,"column":null}},"type":"if","locations":[{"start":{"line":418,"column":4},"end":{"line":421,"column":null}},{"start":{},"end":{}}]},"78":{"loc":{"start":{"line":439,"column":10},"end":{"line":443,"column":null}},"type":"if","locations":[{"start":{"line":439,"column":10},"end":{"line":443,"column":null}},{"start":{"line":441,"column":17},"end":{"line":443,"column":null}}]},"79":{"loc":{"start":{"line":450,"column":6},"end":{"line":454,"column":null}},"type":"if","locations":[{"start":{"line":450,"column":6},"end":{"line":454,"column":null}},{"start":{"line":452,"column":13},"end":{"line":454,"column":null}}]},"80":{"loc":{"start":{"line":451,"column":80},"end":{"line":451,"column":128}},"type":"cond-expr","locations":[{"start":{"line":451,"column":97},"end":{"line":451,"column":122}},{"start":{"line":451,"column":125},"end":{"line":451,"column":128}}]},"81":{"loc":{"start":{"line":473,"column":6},"end":{"line":480,"column":null}},"type":"if","locations":[{"start":{"line":473,"column":6},"end":{"line":480,"column":null}},{"start":{"line":477,"column":13},"end":{"line":480,"column":null}}]},"82":{"loc":{"start":{"line":511,"column":11},"end":{"line":512,"column":null}},"type":"binary-expr","locations":[{"start":{"line":511,"column":11},"end":{"line":511,"column":null}},{"start":{"line":512,"column":12},"end":{"line":512,"column":52}},{"start":{"line":512,"column":52},"end":{"line":512,"column":80}},{"start":{"line":512,"column":80},"end":{"line":512,"column":106}}]},"83":{"loc":{"start":{"line":517,"column":11},"end":{"line":517,"column":41}},"type":"cond-expr","locations":[{"start":{"line":517,"column":33},"end":{"line":517,"column":38}},{"start":{"line":517,"column":38},"end":{"line":517,"column":41}}]},"84":{"loc":{"start":{"line":520,"column":49},"end":{"line":520,"column":69}},"type":"default-arg","locations":[{"start":{"line":520,"column":68},"end":{"line":520,"column":69}}]},"85":{"loc":{"start":{"line":525,"column":6},"end":{"line":529,"column":null}},"type":"if","locations":[{"start":{"line":525,"column":6},"end":{"line":529,"column":null}},{"start":{"line":527,"column":13},"end":{"line":529,"column":null}}]},"86":{"loc":{"start":{"line":532,"column":33},"end":{"line":532,"column":null}},"type":"binary-expr","locations":[{"start":{"line":532,"column":33},"end":{"line":532,"column":71}},{"start":{"line":532,"column":71},"end":{"line":532,"column":null}}]},"87":{"loc":{"start":{"line":536,"column":22},"end":{"line":549,"column":null}},"type":"binary-expr","locations":[{"start":{"line":536,"column":22},"end":{"line":536,"column":84}},{"start":{"line":536,"column":84},"end":{"line":549,"column":null}}]},"88":{"loc":{"start":{"line":555,"column":4},"end":{"line":564,"column":null}},"type":"if","locations":[{"start":{"line":555,"column":4},"end":{"line":564,"column":null}},{"start":{"line":560,"column":11},"end":{"line":564,"column":null}}]},"89":{"loc":{"start":{"line":569,"column":26},"end":{"line":569,"column":null}},"type":"binary-expr","locations":[{"start":{"line":569,"column":26},"end":{"line":569,"column":56}},{"start":{"line":569,"column":56},"end":{"line":569,"column":null}}]},"90":{"loc":{"start":{"line":569,"column":57},"end":{"line":569,"column":72}},"type":"binary-expr","locations":[{"start":{"line":569,"column":57},"end":{"line":569,"column":67}},{"start":{"line":569,"column":71},"end":{"line":569,"column":72}}]},"91":{"loc":{"start":{"line":572,"column":26},"end":{"line":572,"column":null}},"type":"binary-expr","locations":[{"start":{"line":572,"column":26},"end":{"line":572,"column":55}},{"start":{"line":572,"column":55},"end":{"line":572,"column":84}},{"start":{"line":572,"column":84},"end":{"line":572,"column":null}}]},"92":{"loc":{"start":{"line":592,"column":6},"end":{"line":594,"column":null}},"type":"if","locations":[{"start":{"line":592,"column":6},"end":{"line":594,"column":null}},{"start":{},"end":{}}]},"93":{"loc":{"start":{"line":598,"column":36},"end":{"line":598,"column":null}},"type":"binary-expr","locations":[{"start":{"line":598,"column":36},"end":{"line":598,"column":74}},{"start":{"line":598,"column":74},"end":{"line":598,"column":null}}]},"94":{"loc":{"start":{"line":600,"column":6},"end":{"line":604,"column":null}},"type":"if","locations":[{"start":{"line":600,"column":6},"end":{"line":604,"column":null}},{"start":{"line":602,"column":13},"end":{"line":604,"column":null}}]},"95":{"loc":{"start":{"line":614,"column":4},"end":{"line":614,"column":null}},"type":"if","locations":[{"start":{"line":614,"column":4},"end":{"line":614,"column":null}},{"start":{},"end":{}}]},"96":{"loc":{"start":{"line":622,"column":8},"end":{"line":626,"column":null}},"type":"if","locations":[{"start":{"line":622,"column":8},"end":{"line":626,"column":null}},{"start":{},"end":{}}]},"97":{"loc":{"start":{"line":625,"column":10},"end":{"line":625,"column":null}},"type":"if","locations":[{"start":{"line":625,"column":10},"end":{"line":625,"column":null}},{"start":{},"end":{}}]},"98":{"loc":{"start":{"line":631,"column":4},"end":{"line":637,"column":null}},"type":"if","locations":[{"start":{"line":631,"column":4},"end":{"line":637,"column":null}},{"start":{},"end":{}}]},"99":{"loc":{"start":{"line":633,"column":8},"end":{"line":634,"column":28}},"type":"binary-expr","locations":[{"start":{"line":633,"column":8},"end":{"line":633,"column":32}},{"start":{"line":634,"column":8},"end":{"line":634,"column":28}}]},"100":{"loc":{"start":{"line":639,"column":4},"end":{"line":639,"column":null}},"type":"if","locations":[{"start":{"line":639,"column":4},"end":{"line":639,"column":null}},{"start":{},"end":{}}]},"101":{"loc":{"start":{"line":643,"column":4},"end":{"line":650,"column":null}},"type":"if","locations":[{"start":{"line":643,"column":4},"end":{"line":650,"column":null}},{"start":{},"end":{}}]},"102":{"loc":{"start":{"line":645,"column":8},"end":{"line":647,"column":null}},"type":"binary-expr","locations":[{"start":{"line":645,"column":8},"end":{"line":645,"column":32}},{"start":{"line":646,"column":8},"end":{"line":646,"column":null}},{"start":{"line":647,"column":8},"end":{"line":647,"column":null}}]},"103":{"loc":{"start":{"line":652,"column":4},"end":{"line":652,"column":null}},"type":"if","locations":[{"start":{"line":652,"column":4},"end":{"line":652,"column":null}},{"start":{},"end":{}}]},"104":{"loc":{"start":{"line":665,"column":4},"end":{"line":672,"column":null}},"type":"if","locations":[{"start":{"line":665,"column":4},"end":{"line":672,"column":null}},{"start":{},"end":{}}]},"105":{"loc":{"start":{"line":667,"column":8},"end":{"line":669,"column":null}},"type":"binary-expr","locations":[{"start":{"line":667,"column":8},"end":{"line":667,"column":32}},{"start":{"line":668,"column":8},"end":{"line":668,"column":null}},{"start":{"line":669,"column":8},"end":{"line":669,"column":null}}]},"106":{"loc":{"start":{"line":674,"column":4},"end":{"line":674,"column":null}},"type":"if","locations":[{"start":{"line":674,"column":4},"end":{"line":674,"column":null}},{"start":{},"end":{}}]},"107":{"loc":{"start":{"line":677,"column":4},"end":{"line":684,"column":null}},"type":"if","locations":[{"start":{"line":677,"column":4},"end":{"line":684,"column":null}},{"start":{},"end":{}}]},"108":{"loc":{"start":{"line":679,"column":8},"end":{"line":681,"column":38}},"type":"binary-expr","locations":[{"start":{"line":679,"column":8},"end":{"line":679,"column":32}},{"start":{"line":680,"column":8},"end":{"line":680,"column":null}},{"start":{"line":681,"column":8},"end":{"line":681,"column":38}}]},"109":{"loc":{"start":{"line":686,"column":4},"end":{"line":686,"column":null}},"type":"if","locations":[{"start":{"line":686,"column":4},"end":{"line":686,"column":null}},{"start":{},"end":{}}]},"110":{"loc":{"start":{"line":689,"column":4},"end":{"line":727,"column":null}},"type":"if","locations":[{"start":{"line":689,"column":4},"end":{"line":727,"column":null}},{"start":{},"end":{}}]},"111":{"loc":{"start":{"line":689,"column":8},"end":{"line":689,"column":35}},"type":"binary-expr","locations":[{"start":{"line":689,"column":8},"end":{"line":689,"column":22}},{"start":{"line":689,"column":26},"
[...]
type":"if","locations":[{"start":{"line":85,"column":6},"end":{"line":87,"column":null}},{"start":{},"end":{}}]},"7":{"loc":{"start":{"line":92,"column":15},"end":{"line":92,"column":null}},"type":"cond-expr","locations":[{"start":{"line":92,"column":38},"end":{"line":92,"column":49}},{"start":{"line":92,"column":52},"end":{"line":92,"column":null}}]},"8":{"loc":{"start":{"line":108,"column":34},"end":{"line":108,"column":null}},"type":"binary-expr","locations":[{"start":{"line":108,"column":34},"end":{"line":108,"column":60}},{"start":{"line":108,"column":60},"end":{"line":108,"column":null}}]},"9":{"loc":{"start":{"line":115,"column":29},"end":{"line":115,"column":57}},"type":"binary-expr","locations":[{"start":{"line":115,"column":29},"end":{"line":115,"column":48}},{"start":{"line":115,"column":52},"end":{"line":115,"column":57}}]},"10":{"loc":{"start":{"line":121,"column":20},"end":{"line":121,"column":46}},"type":"binary-expr","locations":[{"start":{"line":121,"column":20},"end":{"line":121,"column":37}},{"start":{"line":121,"column":41},"end":{"line":121,"column":46}}]},"11":{"loc":{"start":{"line":125,"column":20},"end":{"line":125,"column":45}},"type":"binary-expr","locations":[{"start":{"line":125,"column":20},"end":{"line":125,"column":36}},{"start":{"line":125,"column":40},"end":{"line":125,"column":45}}]},"12":{"loc":{"start":{"line":129,"column":29},"end":{"line":129,"column":null}},"type":"cond-expr","locations":[{"start":{"line":129,"column":46},"end":{"line":129,"column":78}},{"start":{"line":129,"column":78},"end":{"line":129,"column":null}}]},"13":{"loc":{"start":{"line":133,"column":4},"end":{"line":149,"column":null}},"type":"if","locations":[{"start":{"line":133,"column":4},"end":{"line":149,"column":null}},{"start":{},"end":{}}]},"14":{"loc":{"start":{"line":135,"column":24},"end":{"line":135,"column":null}},"type":"binary-expr","locations":[{"start":{"line":135,"column":24},"end":{"line":135,"column":40}},{"start":{"line":135,"column":44},"end":{"line":135,"column":null}}]},"15":{"loc":{"start":{"line":137,"column":26},"end":{"line":137,"column":48}},"type":"binary-expr","locations":[{"start":{"line":137,"column":26},"end":{"line":137,"column":39}},{"start":{"line":137,"column":43},"end":{"line":137,"column":48}}]},"16":{"loc":{"start":{"line":138,"column":26},"end":{"line":138,"column":48}},"type":"binary-expr","locations":[{"start":{"line":138,"column":26},"end":{"line":138,"column":39}},{"start":{"line":138,"column":43},"end":{"line":138,"column":48}}]},"17":{"loc":{"start":{"line":142,"column":6},"end":{"line":148,"column":null}},"type":"if","locations":[{"start":{"line":142,"column":6},"end":{"line":148,"column":null}},{"start":{},"end":{}}]},"18":{"loc":{"start":{"line":146,"column":18},"end":{"line":146,"column":46}},"type":"binary-expr","locations":[{"start":{"line":146,"column":18},"end":{"line":146,"column":37}},{"start":{"line":146,"column":41},"end":{"line":146,"column":46}}]}},"s":{"0":45,"1":1,"2":45,"3":45,"4":45,"5":45,"6":12,"7":12,"8":12,"9":0,"10":0,"11":0,"12":0,"13":0,"14":12,"15":12,"16":45,"17":0,"18":0,"19":0,"20":0,"21":0,"22":0,"23":0,"24":0,"25":45,"26":0,"27":0,"28":0,"29":0,"30":0,"31":0,"32":0,"33":0,"34":0,"35":0,"36":0,"37":0,"38":0,"39":0,"40":45,"41":0,"42":0,"43":45,"44":27,"45":0,"46":0,"47":45,"48":27,"49":0,"50":45,"51":0,"52":0,"53":0,"54":0,"55":0,"56":0,"57":0,"58":0,"59":0,"60":0,"61":0,"62":0,"63":0,"64":0,"65":0,"66":0,"67":0,"68":0,"69":0,"70":0,"71":0,"72":0,"73":0,"74":45,"75":12,"76":45},"f":{"0":45,"1":12,"2":0,"3":0,"4":0,"5":0,"6":27,"7":0,"8":0,"9":27,"10":0,"11":0,"12":0,"13":0,"14":0,"15":0,"16":0,"17":0,"18":0,"19":12},"b":{"0":[0,0],"1":[12,0],"2":[0,0],"3":[0,0],"4":[0,0],"5":[0,0],"6":[0,0],"7":[0,0],"8":[0,0],"9":[0,0],"10":[0,0],"11":[0,0],"12":[0,0],"13":[0,0],"14":[0,0],"15":[0,0],"16":[0,0],"17":[0,0],"18":[0,0]}}
,"/app/PTCG_Web/src/i18n/context.tsx": {"path":"/app/PTCG_Web/src/i18n/context.tsx","statementMap":{"0":{"start":{"line":19,"column":16},"end":{"line":19,"column":28}},"1":{"start":{"line":67,"column":16},"end":{"line":67,"column":30}},"2":{"start":{"line":58,"column":16},"end":{"line":58,"column":23}},"3":{"start":{"line":3,"column":74},"end":{"line":3,"column":null}},"4":{"start":{"line":5,"column":25},"end":{"line":5,"column":null}},"5":{"start":{"line":13,"column":20},"end":{"line":13,"column":null}},"6":{"start":{"line":20,"column":39},"end":{"line":20,"column":null}},"7":{"start":{"line":22,"column":2},"end":{"line":40,"column":null}},"8":{"start":{"line":24,"column":4},"end":{"line":39,"column":null}},"9":{"start":{"line":25,"column":28},"end":{"line":25,"column":null}},"10":{"start":{"line":26,"column":6},"end":{"line":38,"column":null}},"11":{"start":{"line":27,"column":8},"end":{"line":27,"column":null}},"12":{"start":{"line":30,"column":28},"end":{"line":30,"column":null}},"13":{"start":{"line":31,"column":8},"end":{"line":37,"column":null}},"14":{"start":{"line":32,"column":10},"end":{"line":32,"column":null}},"15":{"start":{"line":33,"column":15},"end":{"line":37,"column":null}},"16":{"start":{"line":34,"column":10},"end":{"line":34,"column":null}},"17":{"start":{"line":36,"column":10},"end":{"line":36,"column":null}},"18":{"start":{"line":42,"column":22},"end":{"line":47,"column":null}},"19":{"start":{"line":43,"column":4},"end":{"line":43,"column":null}},"20":{"start":{"line":44,"column":4},"end":{"line":46,"column":null}},"21":{"start":{"line":45,"column":6},"end":{"line":45,"column":null}},"22":{"start":{"line":49,"column":12},"end":{"line":49,"column":34}},"23":{"start":{"line":59,"column":18},"end":{"line":59,"column":null}},"24":{"start":{"line":60,"column":2},"end":{"line":62,"column":null}},"25":{"start":{"line":61,"column":4},"end":{"line":61,"column":null}},"26":{"start":{"line":63,"column":2},"end":{"line":63,"column":null}},"27":{"start":{"line":68,"column":2},"end":{"line":68,"column":null}}},"fnMap":{"0":{"name":"I18nProvider","decl":{"start":{"line":19,"column":16},"end":{"line":19,"column":28}},"loc":{"start":{"line":19,"column":60},"end":{"line":56,"column":null}}},"1":{"name":"(anonymous_6)","decl":{"start":{"line":22,"column":12},"end":{"line":22,"column":null}},"loc":{"start":{"line":22,"column":12},"end":{"line":40,"column":5}}},"2":{"name":"(anonymous_7)","decl":{"start":{"line":42,"column":22},"end":{"line":42,"column":23}},"loc":{"start":{"line":42,"column":23},"end":{"line":47,"column":null}}},"3":{"name":"useI18n","decl":{"start":{"line":58,"column":16},"end":{"line":58,"column":23}},"loc":{"start":{"line":58,"column":16},"end":{"line":64,"column":null}}},"4":{"name":"getTranslation","decl":{"start":{"line":67,"column":16},"end":{"line":67,"column":30}},"loc":{"start":{"line":67,"column":54},"end":{"line":69,"column":null}}}},"branchMap":{"0":{"loc":{"start":{"line":24,"column":4},"end":{"line":39,"column":null}},"type":"if","locations":[{"start":{"line":24,"column":4},"end":{"line":39,"column":null}},{"start":{},"end":{}}]},"1":{"loc":{"start":{"line":26,"column":6},"end":{"line":38,"column":null}},"type":"if","locations":[{"start":{"line":26,"column":6},"end":{"line":38,"column":null}},{"start":{"line":28,"column":13},"end":{"line":38,"column":null}}]},"2":{"loc":{"start":{"line":26,"column":10},"end":{"line":26,"column":54}},"type":"binary-expr","locations":[{"start":{"line":26,"column":10},"end":{"line":26,"column":27}},{"start":{"line":26,"column":27},"end":{"line":26,"column":54}}]},"3":{"loc":{"start":{"line":31,"column":8},"end":{"line":37,"column":null}},"type":"if","locations":[{"start":{"line":31,"column":8},"end":{"line":37,"column":null}},{"start":{"line":33,"column":15},"end":{"line":37,"column":null}}]},"4":{"loc":{"start":{"line":31,"column":12},"end":{"line":31,"column":80}},"type":"binary-expr","locations":[{"start":{"line":31,"column":12},"end":{"line":31,"column":47}},{"start":{"line":31,"column":47},"end":{"line":31,"column":80}}]},"5":{"loc":{"start":{"line":33,"column":15},"end":{"line":37,"column":null}},"type":"if","locations":[{"start":{"line":33,"column":15},"end":{"line":37,"column":null}},{"start":{"line":35,"column":15},"end":{"line":37,"column":null}}]},"6":{"loc":{"start":{"line":44,"column":4},"end":{"line":46,"column":null}},"type":"if","locations":[{"start":{"line":44,"column":4},"end":{"line":46,"column":null}},{"start":{},"end":{}}]},"7":{"loc":{"start":{"line":60,"column":2},"end":{"line":62,"column":null}},"type":"if","locations":[{"start":{"line":60,"column":2},"end":{"line":62,"column":null}},{"start":{},"end":{}}]}},"s":{"0":3,"1":0,"2":36,"3":1,"4":1,"5":1,"6":6,"7":6,"8":3,"9":3,"10":3,"11":0,"12":3,"13":3,"14":0,"15":3,"16":0,"17":3,"18":6,"19":0,"20":0,"21":0,"22":6,"23":36,"24":36,"25":0,"26":36,"27":0},"f":{"0":6,"1":3,"2":0,"3":36,"4":0},"b":{"0":[3,0],"1":[0,3],"2":[3,0],"3":[0,3],"4":[3,3],"5":[0,3],"6":[0,0],"7":[0,36]}}
,"/app/PTCG_Web/src/i18n/translations.js": {"path":"/app/PTCG_Web/src/i18n/translations.js","statementMap":{"0":{"start":{"line":400,"column":0},"end":{"line":400,"column":15}},"1":{"start":{"line":1,"column":21},"end":{"line":398,"column":null}},"2":{"start":{"line":400,"column":15},"end":{"line":400,"column":null}}},"fnMap":{},"branchMap":{},"s":{"0":6,"1":1,"2":1},"f":{},"b":{}}
,"/app/PTCG_Web/src/test-utils/test-utils.tsx": {"path":"/app/PTCG_Web/src/test-utils/test-utils.tsx","statementMap":{"0":{"start":{"line":19,"column":9},"end":{"line":19,"column":25}},"1":{"start":{"line":1,"column":36},"end":{"line":1,"column":null}},"2":{"start":{"line":2,"column":38},"end":{"line":2,"column":null}},"3":{"start":{"line":3,"column":29},"end":{"line":3,"column":null}},"4":{"start":{"line":5,"column":24},"end":{"line":11,"column":null}},"5":{"start":{"line":13,"column":21},"end":{"line":16,"column":null}},"6":{"start":{"line":16,"column":5},"end":{"line":16,"column":null}}},"fnMap":{"0":{"name":"(anonymous_5)","decl":{"start":{"line":5,"column":24},"end":{"line":5,"column":25}},"loc":{"start":{"line":5,"column":68},"end":{"line":11,"column":null}}},"1":{"name":"(anonymous_6)","decl":{"start":{"line":13,"column":21},"end":{"line":13,"column":null}},"loc":{"start":{"line":16,"column":5},"end":{"line":16,"column":null}}}},"branchMap":{},"s":{"0":3,"1":1,"2":1,"3":1,"4":1,"5":1,"6":3},"f":{"0":3,"1":3},"b":{}}
,"/app/PTCG_Web/src/types/inventory.ts": {"path":"/app/PTCG_Web/src/types/inventory.ts","statementMap":{"0":{"start":{"line":39,"column":13},"end":{"line":39,"column":31}},"1":{"start":{"line":39,"column":31},"end":{"line":46,"column":null}}},"fnMap":{},"branchMap":{},"s":{"0":0,"1":1},"f":{},"b":{}}
,"/app/PTCG_Web/src/utils/currency.ts": {"path":"/app/PTCG_Web/src/utils/currency.ts","statementMap":{"0":{"start":{"line":102,"column":16},"end":{"line":102,"column":31}},"1":{"start":{"line":86,"column":16},"end":{"line":86,"column":33}},"2":{"start":{"line":8,"column":16},"end":{"line":8,"column":41}},"3":{"start":{"line":10,"column":31},"end":{"line":12,"column":null}},"4":{"start":{"line":11,"column":4},"end":{"line":11,"column":null}},"5":{"start":{"line":15,"column":32},"end":{"line":17,"column":null}},"6":{"start":{"line":16,"column":4},"end":{"line":16,"column":null}},"7":{"start":{"line":24,"column":24},"end":{"line":24,"column":null}},"8":{"start":{"line":25,"column":19},"end":{"line":25,"column":null}},"9":{"start":{"line":26,"column":24},"end":{"line":26,"column":null}},"10":{"start":{"line":29,"column":2},"end":{"line":31,"column":null}},"11":{"start":{"line":30,"column":4},"end":{"line":30,"column":null}},"12":{"start":{"line":34,"column":2},"end":{"line":36,"column":null}},"13":{"start":{"line":35,"column":4},"end":{"line":35,"column":null}},"14":{"start":{"line":39,"column":2},"end":{"line":41,"column":null}},"15":{"start":{"line":40,"column":4},"end":{"line":40,"column":null}},"16":{"start":{"line":44,"column":2},"end":{"line":46,"column":null}},"17":{"start":{"line":45,"column":4},"end":{"line":45,"column":null}},"18":{"start":{"line":48,"column":2},"end":{"line":50,"column":null}},"19":{"start":{"line":49,"column":4},"end":{"line":49,"column":null}},"20":{"start":{"line":53,"column":2},"end":{"line":55,"column":null}},"21":{"start":{"line":54,"column":4},"end":{"line":54,"column":null}},"22":{"start":{"line":57,"column":2},"end":{"line":59,"column":null}},"23":{"start":{"line":58,"column":4},"end":{"line":58,"column":null}},"24":{"start":{"line":62,"column":28},"end":{"line":62,"column":null}},"25":{"start":{"line":63,"column":29},"end":{"line":63,"column":null}},"26":{"start":{"line":65,"column":2},"end":{"line":69,"column":null}},"27":{"start":{"line":66,"column":4},"end":{"line":68,"column":null}},"28":{"start":{"line":67,"column":6},"end":{"line":67,"column":null}},"29":{"start":{"line":71,"column":2},"end":{"line":75,"column":null}},"30":{"start":{"line":72,"column":4},"end":{"line":74,"column":null}},"31":{"start":{"line":73,"column":6},"end":{"line":73,"column":null}},"32":{"start":{"line":78,"column":2},"end":{"line":78,"column":null}},"33":{"start":{"line":87,"column":45},"end":{"line":93,"column":null}},"34":{"start":{"line":94,"column":2},"end":{"line":94,"column":null}},"35":{"start":{"line":103,"column":43},"end":{"line":109,"column":null}},"36":{"start":{"line":110,"column":2},"end":{"line":110,"column":null}}},"fnMap":{"0":{"name":"getDefaultCurrencyForCard","decl":{"start":{"line":8,"column":16},"end":{"line":8,"column":41}},"loc":{"start":{"line":8,"column":56},"end":{"line":79,"column":null}}},"1":{"name":"(anonymous_5)","decl":{"start":{"line":10,"column":31},"end":{"line":10,"column":32}},"loc":{"start":{"line":10,"column":32},"end":{"line":12,"column":null}}},"2":{"name":"(anonymous_6)","decl":{"start":{"line":15,"column":32},"end":{"line":15,"column":33}},"loc":{"start":{"line":15,"column":33},"end":{"line":17,"column":null}}},"3":{"name":"getCurrencySymbol","decl":{"start":{"line":86,"column":16},"end":{"line":86,"column":33}},"loc":{"start":{"line":86,"column":50},"end":{"line":95,"column":null}}},"4":{"name":"getCurrencyName","decl":{"start":{"line":102,"column":16},"end":{"line":102,"column":31}},"loc":{"start":{"line":102,"column":48},"end":{"line":111,"column":null}}}},"branchMap":{"0":{"loc":{"start":{"line":24,"column":24},"end":{"line":24,"column":null}},"type":"binary-expr","locations":[{"start":{"line":24,"column":24},"end":{"line":24,"column":61}},{"start":{"line":24,"column":61},"end":{"line":24,"column":null}}]},"1":{"loc":{"start":{"line":25,"column":19},"end":{"line":25,"column":null}},"type":"binary-expr","locations":[{"start":{"line":25,"column":19},"end":{"line":25,"column":28}},{"start":{"line":25,"column":32},"end":{"line":25,"column":null}}]},"2":{"loc":{"start":{"line":26,"column":24},"end":{"line":26,"column":null}},"type":"binary-expr","locations":[{"start":{"line":26,"column":24},"end":{"line":26,"column":42}},{"start":{"line":26,"column":46},"end":{"line":26,"column":null}}]},"3":{"loc":{"start":{"line":29,"column":2},"end":{"line":31,"column":null}},"type":"if","locations":[{"start":{"line":29,"column":2},"end":{"line":31,"column":null}},{"start":{},"end":{}}]},"4":{"loc":{"start":{"line":29,"column":6},"end":{"line":29,"column":100}},"type":"binary-expr","locations":[{"start":{"line":29,"column":6},"end":{"line":29,"column":38}},{"start":{"line":29,"column":38},"end":{"line":29,"column":70}},{"start":{"line":29,"column":70},"end":{"line":29,"column":100}}]},"5":{"loc":{"start":{"line":34,"column":2},"end":{"line":36,"column":null}},"type":"if","locations":[{"start":{"line":34,"column":2},"end":{"line":36,"column":null}},{"start":{},"end":{}}]},"6":{"loc":{"start":{"line":34,"column":6},"end":{"line":34,"column":68}},"type":"binary-expr","locations":[{"start":{"line":34,"column":6},"end":{"line":34,"column":38}},{"start":{"line":34,"column":38},"end":{"line":34,"column":68}}]},"7":{"loc":{"start":{"line":39,"column":2},"end":{"line":41,"column":null}},"type":"if","locations":[{"start":{"line":39,"column":2},"end":{"line":41,"column":null}},{"start":{},"end":{}}]},"8":{"loc":{"start":{"line":39,"column":6},"end":{"line":39,"column":100}},"type":"binary-expr","locations":[{"start":{"line":39,"column":6},"end":{"line":39,"column":38}},{"start":{"line":39,"column":38},"end":{"line":39,"column":70}},{"start":{"line":39,"column":70},"end":{"line":39,"column":100}}]},"9":{"loc":{"start":{"line":44,"column":2},"end":{"line":46,"column":null}},"type":"if","locations":[{"start":{"line":44,"column":2},"end":{"line":46,"column":null}},{"start":{},"end":{}}]},"10":{"loc":{"start":{"line":44,"column":6},"end":{"line":44,"column":74}},"type":"binary-expr","locations":[{"start":{"line":44,"column":6},"end":{"line":44,"column":40}},{"start":{"line":44,"column":40},"end":{"line":44,"column":74}}]},"11":{"loc":{"start":{"line":48,"column":2},"end":{"line":50,"column":null}},"type":"if","locations":[{"start":{"line":48,"column":2},"end":{"line":50,"column":null}},{"start":{},"end":{}}]},"12":{"loc":{"start":{"line":53,"column":2},"end":{"line":55,"column":null}},"type":"if","locations":[{"start":{"line":53,"column":2},"end":{"line":55,"column":null}},{"start":{},"end":{}}]},"13":{"loc":{"start":{"line":53,"column":6},"end":{"line":53,"column":84}},"type":"binary-expr","locations":[{"start":{"line":53,"column":6},"end":{"line":53,"column":45}},{"start":{"line":53,"column":45},"end":{"line":53,"column":84}}]},"14":{"loc":{"start":{"line":57,"column":2},"end":{"line":59,"column":null}},"type":"if","locations":[{"start":{"line":57,"column":2},"end":{"line":59,"column":null}},{"start":{},"end":{}}]},"15":{"loc":{"start":{"line":66,"column":4},"end":{"line":68,"column":null}},"type":"if","locations":[{"start":{"line":66,"column":4},"end":{"line":68,"column":null}},{"start":{},"end":{}}]},"16":{"loc":{"start":{"line":72,"column":4},"end":{"line":74,"column":null}},"type":"if","locations":[{"start":{"line":72,"column":4},"end":{"line":74,"column":null}},{"start":{},"end":{}}]},"17":{"loc":{"start":{"line":94,"column":9},"end":{"line":94,"column":null}},"type":"binary-expr","locations":[{"start":{"line":94,"column":9},"end":{"line":94,"column":26}},{"start":{"line":94,"column":30},"end":{"line":94,"column":null}}]},"18":{"loc":{"start":{"line":110,"column":9},"end":{"line":110,"column":null}},"type":"binary-expr","locations":[{"start":{"line":110,"column":9},"end":{"line":110,"column":24}},{"start":{"line":110,"column":28},"end":{"line":110,"column":null}}]}},"s":{"0":0,"1":0,"2":0,"3":0,"4":0,"5":0,"6":0,"7":0,"8":0,"9":0,"10":0,"11":0,"12":0,"13":0,"14":0,"15":0,"16":0,"17":0,"18":0,"19":0,"20":0,"21":0,"22":0,"23":0,"24":0,"25":0,"26":0,"27":0,"28":0,"29":0,"30":0,"31":0,"32":0,"33":0,"34":0,"35":0,"36":0},"f":{"0":0,"1":0,"2":0,"3":0,"4":0},"b":{"0":[0,0],"1":[0,0],"2":[0,0],"3":[0,0],"4":[0,0,0],"5":[0,0],"6":[0,0],"7":[0,0],"8":[0,0,0],"9":[0,0],"10":[0,0],"11":[0,0],"12":[0,0],"13":[0,0],"14":[0,0],"15":[0,0],"16":[0,0],"17":[0,0],"18":[0,0]}}
,"/app/PTCG_Web/src/utils/imageUtils.ts": {"path":"/app/PTCG_Web/src/utils/imageUtils.ts","statementMap":{"0":{"start":{"line":28,"column":13},"end":{"line":28,"column":35}},"1":{"start":{"line":10,"column":16},"end":{"line":10,"column":35}},"2":{"start":{"line":20,"column":16},"end":{"line":20,"column":31}},"3":{"start":{"line":11,"column":19},"end":{"line":11,"column":null}},"4":{"start":{"line":12,"column":2},"end":{"line":12,"column":null}},"5":{"start":{"line":22,"column":2},"end":{"line":22,"column":null}},"6":{"start":{"line":28,"column":38},"end":{"line":28,"column":null}}},"fnMap":{"0":{"name":"formatCardImagePath","decl":{"start":{"line":10,"column":16},"end":{"line":10,"column":35}},"loc":{"start":{"line":10,"column":50},"end":{"line":13,"column":null}}},"1":{"name":"getCardImageSrc","decl":{"start":{"line":20,"column":16},"end":{"line":20,"column":31}},"loc":{"start":{"line":20,"column":75},"end":{"line":23,"column":null}}}},"branchMap":{},"s":{"0":0,"1":0,"2":18,"3":18,"4":18,"5":18,"6":1},"f":{"0":18,"1":18},"b":{}}
}
