TN:
SF:src/app/page.tsx
FN:14,Home
FN:55,(anonymous_3)
FN:59,(anonymous_4)
FN:70,(anonymous_5)
FN:75,(anonymous_6)
FN:79,(anonymous_7)
FN:86,(anonymous_8)
FN:118,(anonymous_9)
FN:119,(anonymous_10)
FN:123,(anonymous_11)
FN:129,(anonymous_12)
FN:141,(anonymous_13)
FN:149,(anonymous_14)
FN:159,(anonymous_15)
FN:164,(anonymous_16)
FN:175,(anonymous_17)
FN:176,(anonymous_18)
FN:184,(anonymous_19)
FN:190,(anonymous_20)
FN:191,(anonymous_21)
FN:197,(anonymous_22)
FN:198,(anonymous_23)
FN:206,(anonymous_24)
FN:207,(anonymous_25)
FN:212,(anonymous_26)
FN:213,(anonymous_27)
FN:217,(anonymous_28)
FN:221,(anonymous_29)
FN:224,(anonymous_30)
FN:228,(anonymous_31)
FN:241,(anonymous_32)
FN:256,(anonymous_33)
FN:266,(anonymous_34)
FN:271,(anonymous_35)
FN:278,(anonymous_36)
FN:285,(anonymous_37)
FN:292,(anonymous_38)
FN:299,(anonymous_39)
FN:306,(anonymous_40)
FN:313,(anonymous_41)
FN:329,(anonymous_42)
FN:336,(anonymous_43)
FN:343,(anonymous_44)
FN:350,(anonymous_45)
FN:358,(anonymous_46)
FN:360,(anonymous_47)
FN:366,(anonymous_48)
FN:386,(anonymous_49)
FN:417,(anonymous_50)
FN:463,(anonymous_51)
FN:476,(anonymous_52)
FN:479,(anonymous_53)
FN:485,(anonymous_54)
FN:490,(anonymous_55)
FN:494,(anonymous_56)
FN:498,(anonymous_57)
FN:503,(anonymous_58)
FN:516,(anonymous_59)
FN:520,(anonymous_60)
FN:536,(anonymous_61)
FN:552,(anonymous_62)
FN:567,(anonymous_63)
FN:569,(anonymous_64)
FN:570,(anonymous_65)
FN:572,(anonymous_66)
FN:573,(anonymous_67)
FN:575,(anonymous_68)
FN:576,(anonymous_69)
FN:599,(anonymous_70)
FN:610,(anonymous_71)
FN:613,(anonymous_72)
FN:620,(anonymous_73)
FN:632,(anonymous_74)
FN:644,(anonymous_75)
FN:666,(anonymous_76)
FN:678,(anonymous_77)
FN:695,(anonymous_78)
FN:703,(anonymous_79)
FN:709,(anonymous_80)
FN:718,(anonymous_81)
FN:733,(anonymous_82)
FN:734,(anonymous_83)
FN:739,(anonymous_84)
FN:742,(anonymous_85)
FN:743,(anonymous_86)
FN:775,(anonymous_87)
FN:778,(anonymous_88)
FN:783,(anonymous_89)
FN:792,(anonymous_90)
FN:795,(anonymous_91)
FN:808,(anonymous_92)
FN:811,(anonymous_93)
FN:826,(anonymous_94)
FN:829,(anonymous_95)
FN:838,(anonymous_96)
FN:840,(anonymous_97)
FN:850,(anonymous_98)
FN:860,(anonymous_99)
FN:861,(anonymous_100)
FN:862,(anonymous_101)
FN:868,(anonymous_102)
FN:869,(anonymous_103)
FN:870,(anonymous_104)
FN:955,(anonymous_105)
FN:965,(anonymous_106)
FN:976,(anonymous_107)
FN:986,(anonymous_108)
FN:996,(anonymous_109)
FN:1009,(anonymous_110)
FN:1042,(anonymous_111)
FN:1061,(anonymous_112)
FN:1070,(anonymous_113)
FN:1108,(anonymous_114)
FNF:113
FNH:15
FNDA:18,Home
FNDA:0,(anonymous_3)
FNDA:3,(anonymous_4)
FNDA:0,(anonymous_5)
FNDA:0,(anonymous_6)
FNDA:3,(anonymous_7)
FNDA:6,(anonymous_8)
FNDA:3,(anonymous_9)
FNDA:3,(anonymous_10)
FNDA:0,(anonymous_11)
FNDA:0,(anonymous_12)
FNDA:0,(anonymous_13)
FNDA:3,(anonymous_14)
FNDA:3,(anonymous_15)
FNDA:9,(anonymous_16)
FNDA:0,(anonymous_17)
FNDA:0,(anonymous_18)
FNDA:0,(anonymous_19)
FNDA:0,(anonymous_20)
FNDA:0,(anonymous_21)
FNDA:0,(anonymous_22)
FNDA:0,(anonymous_23)
FNDA:0,(anonymous_24)
FNDA:0,(anonymous_25)
FNDA:0,(anonymous_26)
FNDA:0,(anonymous_27)
FNDA:9,(anonymous_28)
FNDA:18,(anonymous_29)
FNDA:18,(anonymous_30)
FNDA:0,(anonymous_31)
FNDA:0,(anonymous_32)
FNDA:0,(anonymous_33)
FNDA:0,(anonymous_34)
FNDA:0,(anonymous_35)
FNDA:0,(anonymous_36)
FNDA:0,(anonymous_37)
FNDA:0,(anonymous_38)
FNDA:0,(anonymous_39)
FNDA:0,(anonymous_40)
FNDA:0,(anonymous_41)
FNDA:0,(anonymous_42)
FNDA:0,(anonymous_43)
FNDA:0,(anonymous_44)
FNDA:0,(anonymous_45)
FNDA:0,(anonymous_46)
FNDA:0,(anonymous_47)
FNDA:0,(anonymous_48)
FNDA:24,(anonymous_49)
FNDA:0,(anonymous_50)
FNDA:0,(anonymous_51)
FNDA:0,(anonymous_52)
FNDA:0,(anonymous_53)
FNDA:0,(anonymous_54)
FNDA:3,(anonymous_55)
FNDA:9,(anonymous_56)
FNDA:0,(anonymous_57)
FNDA:0,(anonymous_58)
FNDA:0,(anonymous_59)
FNDA:0,(anonymous_60)
FNDA:0,(anonymous_61)
FNDA:0,(anonymous_62)
FNDA:0,(anonymous_63)
FNDA:0,(anonymous_64)
FNDA:0,(anonymous_65)
FNDA:0,(anonymous_66)
FNDA:0,(anonymous_67)
FNDA:0,(anonymous_68)
FNDA:0,(anonymous_69)
FNDA:0,(anonymous_70)
FNDA:0,(anonymous_71)
FNDA:0,(anonymous_72)
FNDA:0,(anonymous_73)
FNDA:0,(anonymous_74)
FNDA:0,(anonymous_75)
FNDA:0,(anonymous_76)
FNDA:0,(anonymous_77)
FNDA:0,(anonymous_78)
FNDA:0,(anonymous_79)
FNDA:0,(anonymous_80)
FNDA:0,(anonymous_81)
FNDA:0,(anonymous_82)
FNDA:0,(anonymous_83)
FNDA:0,(anonymous_84)
FNDA:0,(anonymous_85)
FNDA:0,(anonymous_86)
FNDA:0,(anonymous_87)
FNDA:0,(anonymous_88)
FNDA:0,(anonymous_89)
FNDA:0,(anonymous_90)
FNDA:0,(anonymous_91)
FNDA:0,(anonymous_92)
FNDA:0,(anonymous_93)
FNDA:0,(anonymous_94)
FNDA:0,(anonymous_95)
FNDA:0,(anonymous_96)
FNDA:0,(anonymous_97)
FNDA:0,(anonymous_98)
FNDA:0,(anonymous_99)
FNDA:0,(anonymous_100)
FNDA:0,(anonymous_101)
FNDA:0,(anonymous_102)
FNDA:0,(anonymous_103)
FNDA:0,(anonymous_104)
FNDA:0,(anonymous_105)
FNDA:0,(anonymous_106)
FNDA:0,(anonymous_107)
FNDA:0,(anonymous_108)
FNDA:0,(anonymous_109)
FNDA:0,(anonymous_110)
FNDA:0,(anonymous_111)
FNDA:0,(anonymous_112)
FNDA:0,(anonymous_113)
FNDA:0,(anonymous_114)
DA:3,1
DA:4,1
DA:7,1
DA:8,1
DA:9,1
DA:10,1
DA:11,1
DA:12,1
DA:14,3
DA:15,18
DA:16,18
DA:17,18
DA:18,18
DA:19,18
DA:37,18
DA:38,18
DA:39,18
DA:40,18
DA:41,18
DA:42,18
DA:43,18
DA:44,18
DA:45,18
DA:46,18
DA:47,18
DA:48,18
DA:51,18
DA:52,18
DA:53,18
DA:55,18
DA:56,0
DA:59,18
DA:60,3
DA:61,3
DA:62,3
DA:63,3
DA:65,0
DA:66,0
DA:70,18
DA:71,0
DA:72,0
DA:75,0
DA:76,0
DA:79,18
DA:80,3
DA:82,3
DA:83,3
DA:86,3
DA:87,6
DA:88,6
DA:89,6
DA:92,3
DA:93,3
DA:96,3
DA:97,3
DA:98,3
DA:99,3
DA:102,3
DA:105,3
DA:106,3
DA:111,0
DA:113,3
DA:118,18
DA:119,3
DA:120,3
DA:121,0
DA:123,3
DA:124,0
DA:126,3
DA:129,3
DA:130,0
DA:131,0
DA:133,0
DA:134,0
DA:138,3
DA:141,3
DA:142,0
DA:145,3
DA:146,3
DA:147,3
DA:149,3
DA:150,3
DA:151,3
DA:153,3
DA:154,3
DA:155,3
DA:159,18
DA:161,3
DA:162,3
DA:164,3
DA:166,9
DA:169,9
DA:170,0
DA:174,9
DA:175,0
DA:176,0
DA:177,0
DA:178,0
DA:184,9
DA:185,0
DA:189,9
DA:190,0
DA:191,0
DA:192,0
DA:196,9
DA:197,0
DA:198,0
DA:199,0
DA:204,3
DA:206,0
DA:207,0
DA:210,3
DA:212,0
DA:213,0
DA:217,18
DA:218,9
DA:221,18
DA:224,18
DA:227,9
DA:228,0
DA:230,0
DA:240,9
DA:241,0
DA:243,0
DA:244,0
DA:247,0
DA:248,0
DA:250,0
DA:255,9
DA:256,0
DA:258,0
DA:265,9
DA:266,0
DA:270,9
DA:271,0
DA:272,0
DA:277,9
DA:278,0
DA:279,0
DA:284,9
DA:285,0
DA:286,0
DA:291,9
DA:292,0
DA:293,0
DA:298,9
DA:299,0
DA:300,0
DA:305,9
DA:306,0
DA:307,0
DA:312,9
DA:313,0
DA:315,0
DA:316,0
DA:317,0
DA:323,0
DA:328,9
DA:329,0
DA:330,0
DA:335,9
DA:336,0
DA:337,0
DA:342,9
DA:343,0
DA:344,0
DA:349,9
DA:350,0
DA:351,0
DA:356,9
DA:357,0
DA:358,0
DA:359,0
DA:360,0
DA:365,9
DA:366,0
DA:367,0
DA:368,0
DA:370,0
DA:372,0
DA:374,0
DA:376,0
DA:378,0
DA:380,0
DA:386,9
DA:387,24
DA:389,24
DA:391,24
DA:392,24
DA:394,0
DA:395,0
DA:397,0
DA:398,0
DA:400,0
DA:401,0
DA:403,0
DA:404,0
DA:405,0
DA:406,0
DA:408,0
DA:411,24
DA:414,9
DA:417,18
DA:418,0
DA:419,0
DA:420,0
DA:423,0
DA:424,0
DA:425,0
DA:427,0
DA:429,0
DA:430,0
DA:439,0
DA:440,0
DA:442,0
DA:445,0
DA:446,0
DA:450,0
DA:451,0
DA:453,0
DA:456,0
DA:457,0
DA:459,0
DA:463,18
DA:464,0
DA:473,0
DA:474,0
DA:476,0
DA:478,0
DA:479,0
DA:481,0
DA:483,0
DA:484,0
DA:485,0
DA:486,0
DA:490,18
DA:491,3
DA:494,18
DA:495,9
DA:498,18
DA:499,0
DA:503,18
DA:505,0
DA:511,0
DA:516,18
DA:517,0
DA:520,18
DA:522,0
DA:523,0
DA:524,0
DA:525,0
DA:526,0
DA:528,0
DA:532,0
DA:536,0
DA:552,0
DA:553,0
DA:555,0
DA:557,0
DA:558,0
DA:559,0
DA:562,0
DA:563,0
DA:567,0
DA:568,0
DA:569,0
DA:570,0
DA:571,0
DA:572,0
DA:573,0
DA:574,0
DA:575,0
DA:576,0
DA:579,0
DA:580,0
DA:582,0
DA:584,0
DA:592,0
DA:593,0
DA:596,0
DA:598,0
DA:599,0
DA:600,0
DA:601,0
DA:603,0
DA:605,0
DA:609,0
DA:610,0
DA:613,18
DA:614,0
DA:616,0
DA:617,0
DA:620,0
DA:621,0
DA:622,0
DA:623,0
DA:624,0
DA:625,0
DA:631,0
DA:632,0
DA:633,0
DA:636,0
DA:639,0
DA:642,0
DA:643,0
DA:644,0
DA:645,0
DA:649,0
DA:652,0
DA:655,0
DA:665,0
DA:666,0
DA:667,0
DA:671,0
DA:674,0
DA:677,0
DA:678,0
DA:679,0
DA:683,0
DA:686,0
DA:689,0
DA:690,0
DA:691,0
DA:693,0
DA:695,0
DA:696,0
DA:701,0
DA:703,0
DA:704,0
DA:709,0
DA:710,0
DA:715,0
DA:716,0
DA:718,0
DA:719,0
DA:726,0
DA:729,0
DA:732,0
DA:733,0
DA:734,0
DA:735,0
DA:736,0
DA:739,0
DA:742,0
DA:743,0
DA:744,0
DA:753,0
DA:756,0
DA:759,0
DA:771,0
DA:775,0
DA:778,0
DA:779,0
DA:782,0
DA:783,0
DA:784,0
DA:785,0
DA:788,0
DA:792,0
DA:795,0
DA:796,0
DA:799,0
DA:802,0
DA:805,0
DA:808,0
DA:810,0
DA:811,0
DA:812,0
DA:816,0
DA:819,0
DA:822,0
DA:826,0
DA:828,0
DA:829,0
DA:830,0
DA:831,0
DA:834,0
DA:838,0
DA:840,0
DA:841,0
DA:844,0
DA:847,0
DA:850,0
DA:851,0
DA:852,0
DA:856,0
DA:858,0
DA:859,0
DA:860,0
DA:861,0
DA:862,0
DA:867,0
DA:868,0
DA:869,0
DA:870,0
DA:873,0
DA:876,0
DA:878,0
DA:881,18
DA:955,0
DA:965,0
DA:976,0
DA:986,0
DA:996,0
DA:1009,0
DA:1042,0
DA:1061,0
DA:1071,0
DA:1072,0
DA:1074,0
DA:1108,0
LF:411
LH:123
BRDA:56,0,0,0
BRDA:56,0,1,0
BRDA:56,1,0,0
BRDA:56,1,1,0
BRDA:72,2,0,0
BRDA:72,2,1,0
BRDA:72,3,0,0
BRDA:72,3,1,0
BRDA:87,4,0,6
BRDA:87,4,1,0
BRDA:88,5,0,6
BRDA:88,5,1,0
BRDA:105,6,0,3
BRDA:105,6,1,0
BRDA:120,7,0,0
BRDA:120,7,1,3
BRDA:130,8,0,0
BRDA:130,8,1,0
BRDA:150,9,0,3
BRDA:150,9,1,0
BRDA:169,10,0,0
BRDA:169,10,1,9
BRDA:169,11,0,9
BRDA:169,11,1,0
BRDA:169,11,2,0
BRDA:174,12,0,0
BRDA:174,12,1,9
BRDA:174,13,0,9
BRDA:174,13,1,0
BRDA:177,14,0,0
BRDA:177,14,1,0
BRDA:177,15,0,0
BRDA:177,15,1,0
BRDA:185,16,0,0
BRDA:185,16,1,0
BRDA:189,17,0,0
BRDA:189,17,1,9
BRDA:192,18,0,0
BRDA:192,18,1,0
BRDA:196,19,0,0
BRDA:196,19,1,9
BRDA:196,20,0,9
BRDA:196,20,1,0
BRDA:199,21,0,0
BRDA:199,21,1,0
BRDA:221,22,0,18
BRDA:221,22,1,18
BRDA:221,23,0,18
BRDA:221,23,1,0
BRDA:224,24,0,18
BRDA:224,24,1,18
BRDA:227,25,0,0
BRDA:227,25,1,9
BRDA:230,26,0,0
BRDA:230,26,1,0
BRDA:230,26,2,0
BRDA:230,26,3,0
BRDA:230,26,4,0
BRDA:230,27,0,0
BRDA:230,27,1,0
BRDA:232,28,0,0
BRDA:232,28,1,0
BRDA:233,29,0,0
BRDA:233,29,1,0
BRDA:234,30,0,0
BRDA:234,30,1,0
BRDA:240,31,0,0
BRDA:240,31,1,9
BRDA:243,32,0,0
BRDA:243,32,1,0
BRDA:243,33,0,0
BRDA:243,33,1,0
BRDA:247,34,0,0
BRDA:247,34,1,0
BRDA:247,35,0,0
BRDA:247,35,1,0
BRDA:255,36,0,0
BRDA:255,36,1,9
BRDA:258,37,0,0
BRDA:258,37,1,0
BRDA:258,37,2,0
BRDA:258,37,3,0
BRDA:265,38,0,0
BRDA:265,38,1,9
BRDA:270,39,0,0
BRDA:270,39,1,9
BRDA:277,40,0,0
BRDA:277,40,1,9
BRDA:284,41,0,0
BRDA:284,41,1,9
BRDA:291,42,0,0
BRDA:291,42,1,9
BRDA:298,43,0,0
BRDA:298,43,1,9
BRDA:305,44,0,0
BRDA:305,44,1,9
BRDA:312,45,0,0
BRDA:312,45,1,9
BRDA:315,46,0,0
BRDA:315,46,1,0
BRDA:318,47,0,0
BRDA:318,47,1,0
BRDA:318,47,2,0
BRDA:318,47,3,0
BRDA:323,48,0,0
BRDA:323,48,1,0
BRDA:328,49,0,0
BRDA:328,49,1,9
BRDA:330,50,0,0
BRDA:330,50,1,0
BRDA:330,50,2,0
BRDA:335,51,0,0
BRDA:335,51,1,9
BRDA:337,52,0,0
BRDA:337,52,1,0
BRDA:337,52,2,0
BRDA:342,53,0,0
BRDA:342,53,1,9
BRDA:344,54,0,0
BRDA:344,54,1,0
BRDA:344,54,2,0
BRDA:349,55,0,0
BRDA:349,55,1,9
BRDA:349,56,0,9
BRDA:349,56,1,0
BRDA:349,56,2,0
BRDA:349,56,3,0
BRDA:351,57,0,0
BRDA:351,57,1,0
BRDA:356,58,0,0
BRDA:356,58,1,9
BRDA:356,59,0,9
BRDA:356,59,1,9
BRDA:357,60,0,0
BRDA:357,60,1,0
BRDA:359,61,0,0
BRDA:359,61,1,0
BRDA:365,62,0,0
BRDA:365,62,1,9
BRDA:365,63,0,9
BRDA:365,63,1,9
BRDA:368,64,0,0
BRDA:368,64,1,0
BRDA:370,65,0,0
BRDA:370,65,1,0
BRDA:370,65,2,0
BRDA:370,65,3,0
BRDA:370,65,4,0
BRDA:372,66,0,0
BRDA:372,66,1,0
BRDA:374,67,0,0
BRDA:374,67,1,0
BRDA:378,68,0,0
BRDA:378,68,1,0
BRDA:389,69,0,24
BRDA:389,69,1,0
BRDA:389,69,2,0
BRDA:389,69,3,0
BRDA:389,69,4,0
BRDA:389,69,5,0
BRDA:391,70,0,24
BRDA:391,70,1,0
BRDA:391,71,0,24
BRDA:391,71,1,0
BRDA:397,72,0,0
BRDA:397,72,1,0
BRDA:397,73,0,0
BRDA:397,73,1,0
BRDA:400,74,0,0
BRDA:400,74,1,0
BRDA:400,75,0,0
BRDA:400,75,1,0
BRDA:411,76,0,0
BRDA:411,76,1,24
BRDA:418,77,0,0
BRDA:418,77,1,0
BRDA:439,78,0,0
BRDA:439,78,1,0
BRDA:450,79,0,0
BRDA:450,79,1,0
BRDA:451,80,0,0
BRDA:451,80,1,0
BRDA:473,81,0,0
BRDA:473,81,1,0
BRDA:511,82,0,0
BRDA:511,82,1,0
BRDA:511,82,2,0
BRDA:511,82,3,0
BRDA:517,83,0,0
BRDA:517,83,1,0
BRDA:520,84,0,0
BRDA:525,85,0,0
BRDA:525,85,1,0
BRDA:532,86,0,0
BRDA:532,86,1,0
BRDA:536,87,0,0
BRDA:536,87,1,0
BRDA:555,88,0,0
BRDA:555,88,1,0
BRDA:569,89,0,0
BRDA:569,89,1,0
BRDA:569,90,0,0
BRDA:569,90,1,0
BRDA:572,91,0,0
BRDA:572,91,1,0
BRDA:572,91,2,0
BRDA:592,92,0,0
BRDA:592,92,1,0
BRDA:598,93,0,0
BRDA:598,93,1,0
BRDA:600,94,0,0
BRDA:600,94,1,0
BRDA:614,95,0,0
BRDA:614,95,1,0
BRDA:622,96,0,0
BRDA:622,96,1,0
BRDA:625,97,0,0
BRDA:625,97,1,0
BRDA:631,98,0,0
BRDA:631,98,1,0
BRDA:633,99,0,0
BRDA:633,99,1,0
BRDA:639,100,0,0
BRDA:639,100,1,0
BRDA:643,101,0,0
BRDA:643,101,1,0
BRDA:645,102,0,0
BRDA:645,102,1,0
BRDA:645,102,2,0
BRDA:652,103,0,0
BRDA:652,103,1,0
BRDA:665,104,0,0
BRDA:665,104,1,0
BRDA:667,105,0,0
BRDA:667,105,1,0
BRDA:667,105,2,0
BRDA:674,106,0,0
BRDA:674,106,1,0
BRDA:677,107,0,0
BRDA:677,107,1,0
BRDA:679,108,0,0
BRDA:679,108,1,0
BRDA:679,108,2,0
BRDA:686,109,0,0
BRDA:686,109,1,0
BRDA:689,110,0,0
BRDA:689,110,1,0
BRDA:689,111,0,0
BRDA:689,111,1,0
BRDA:693,112,0,0
BRDA:693,112,1,0
BRDA:696,113,0,0
BRDA:696,113,1,0
BRDA:696,113,2,0
BRDA:696,113,3,0
BRDA:701,114,0,0
BRDA:701,114,1,0
BRDA:704,115,0,0
BRDA:704,115,1,0
BRDA:704,115,2,0
BRDA:704,115,3,0
BRDA:710,116,0,0
BRDA:710,116,1,0
BRDA:710,116,2,0
BRDA:710,116,3,0
BRDA:716,117,0,0
BRDA:716,117,1,0
BRDA:719,118,0,0
BRDA:719,118,1,0
BRDA:719,118,2,0
BRDA:719,118,3,0
BRDA:729,119,0,0
BRDA:729,119,1,0
BRDA:732,120,0,0
BRDA:732,120,1,0
BRDA:735,121,0,0
BRDA:735,121,1,0
BRDA:735,122,0,0
BRDA:735,122,1,0
BRDA:735,122,2,0
BRDA:744,123,0,0
BRDA:744,123,1,0
BRDA:744,123,2,0
BRDA:744,123,3,0
BRDA:744,123,4,0
BRDA:744,123,5,0
BRDA:744,123,6,0
BRDA:744,123,7,0
BRDA:744,123,8,0
BRDA:744,123,9,0
BRDA:756,124,0,0
BRDA:756,124,1,0
BRDA:782,125,0,0
BRDA:782,125,1,0
BRDA:784,126,0,0
BRDA:784,126,1,0
BRDA:784,127,0,0
BRDA:784,127,1,0
BRDA:802,128,0,0
BRDA:802,128,1,0
BRDA:808,129,0,0
BRDA:808,129,1,0
BRDA:810,130,0,0
BRDA:810,130,1,0
BRDA:812,131,0,0
BRDA:812,131,1,0
BRDA:812,131,2,0
BRDA:812,131,3,0
BRDA:819,132,0,0
BRDA:819,132,1,0
BRDA:823,133,0,0
BRDA:823,133,1,0
BRDA:824,134,0,0
BRDA:824,134,1,0
BRDA:825,135,0,0
BRDA:825,135,1,0
BRDA:828,136,0,0
BRDA:828,136,1,0
BRDA:830,137,0,0
BRDA:830,137,1,0
BRDA:830,138,0,0
BRDA:830,138,1,0
BRDA:847,139,0,0
BRDA:847,139,1,0
BRDA:851,140,0,0
BRDA:851,140,1,0
BRDA:851,141,0,0
BRDA:851,141,1,0
BRDA:856,142,0,0
BRDA:856,142,1,0
BRDA:856,143,0,0
BRDA:856,143,1,0
BRDA:856,143,2,0
BRDA:856,143,3,0
BRDA:856,143,4,0
BRDA:858,144,0,0
BRDA:858,144,1,0
BRDA:858,145,0,0
BRDA:858,145,1,0
BRDA:858,145,2,0
BRDA:859,146,0,0
BRDA:859,146,1,0
BRDA:859,147,0,0
BRDA:859,147,1,0
BRDA:862,148,0,0
BRDA:862,148,1,0
BRDA:867,149,0,0
BRDA:867,149,1,0
BRDA:867,150,0,0
BRDA:867,150,1,0
BRDA:870,151,0,0
BRDA:870,151,1,0
BRDA:881,152,0,12
BRDA:881,152,1,6
BRDA:965,153,0,0
BRDA:965,153,1,0
BRDA:967,154,0,6
BRDA:967,154,1,0
BRDA:969,155,0,6
BRDA:969,155,1,0
BRDA:978,156,0,0
BRDA:978,156,1,6
BRDA:988,157,0,6
BRDA:988,157,1,0
BRDA:998,158,0,0
BRDA:998,158,1,6
BRDA:1011,159,0,0
BRDA:1011,159,1,6
BRDA:1015,160,0,0
BRDA:1015,160,1,6
BRDA:1017,161,0,0
BRDA:1017,161,1,6
BRDA:1021,162,0,6
BRDA:1021,162,1,6
BRDA:1023,163,0,0
BRDA:1023,163,1,6
BRDA:1025,164,0,0
BRDA:1025,164,1,6
BRDA:1032,165,0,0
BRDA:1032,165,1,6
BRDA:1054,166,0,6
BRDA:1054,166,1,0
BRDA:1059,167,0,6
BRDA:1069,168,0,6
BRDA:1069,168,1,0
BRDA:1071,169,0,0
BRDA:1071,169,1,0
BRDA:1104,170,0,6
BRDA:1116,171,0,6
BRF:389
BRH:63
end_of_record
TN:
SF:src/app/api/decks/route.ts
FN:25,(anonymous_8)
FN:33,(anonymous_9)
FN:42,(anonymous_10)
FN:54,(anonymous_11)
FN:64,GET
FN:77,POST
FN:97,(anonymous_14)
FN:104,(anonymous_15)
FN:105,(anonymous_16)
FN:106,(anonymous_17)
FN:107,(anonymous_18)
FN:108,(anonymous_19)
FN:122,(anonymous_20)
FN:123,(anonymous_21)
FN:124,(anonymous_22)
FN:125,(anonymous_23)
FN:126,(anonymous_24)
FN:141,(anonymous_25)
FN:142,(anonymous_26)
FN:143,(anonymous_27)
FN:144,(anonymous_28)
FN:145,(anonymous_29)
FN:163,DELETE
FN:176,(anonymous_31)
FNF:24
FNH:24
FNDA:13,(anonymous_8)
FNDA:8,(anonymous_9)
FNDA:4,(anonymous_10)
FNDA:5,(anonymous_11)
FNDA:2,GET
FNDA:6,POST
FNDA:1,(anonymous_14)
FNDA:2,(anonymous_15)
FNDA:2,(anonymous_16)
FNDA:2,(anonymous_17)
FNDA:2,(anonymous_18)
FNDA:2,(anonymous_19)
FNDA:1,(anonymous_20)
FNDA:1,(anonymous_21)
FNDA:1,(anonymous_22)
FNDA:1,(anonymous_23)
FNDA:1,(anonymous_24)
FNDA:8,(anonymous_25)
FNDA:8,(anonymous_26)
FNDA:8,(anonymous_27)
FNDA:8,(anonymous_28)
FNDA:8,(anonymous_29)
FNDA:3,DELETE
FNDA:2,(anonymous_31)
DA:1,1
DA:2,1
DA:3,1
DA:20,1
DA:22,1
DA:25,1
DA:26,13
DA:27,13
DA:28,1
DA:33,1
DA:34,8
DA:35,8
DA:36,8
DA:37,1
DA:39,7
DA:40,7
DA:42,7
DA:48,0
DA:49,0
DA:54,1
DA:55,5
DA:56,5
DA:57,5
DA:59,0
DA:60,0
DA:64,2
DA:65,2
DA:66,2
DA:67,2
DA:69,0
DA:70,0
DA:77,6
DA:78,6
DA:79,6
DA:82,6
DA:83,2
DA:89,4
DA:92,4
DA:95,4
DA:97,2
DA:98,2
DA:100,1
DA:104,2
DA:105,2
DA:106,2
DA:107,2
DA:108,2
DA:111,1
DA:114,1
DA:122,1
DA:123,1
DA:124,1
DA:125,1
DA:126,1
DA:129,1
DA:133,2
DA:141,8
DA:142,8
DA:143,8
DA:144,8
DA:145,8
DA:148,2
DA:151,4
DA:153,4
DA:155,0
DA:156,0
DA:163,3
DA:164,3
DA:165,3
DA:166,3
DA:168,3
DA:169,1
DA:175,2
DA:176,2
DA:178,2
DA:179,1
DA:185,1
DA:187,1
DA:189,0
DA:190,0
LF:80
LH:70
BRDA:27,0,0,1
BRDA:27,0,1,12
BRDA:36,1,0,1
BRDA:36,1,1,7
BRDA:82,2,0,2
BRDA:82,2,1,4
BRDA:82,3,0,6
BRDA:82,3,1,5
BRDA:95,4,0,2
BRDA:95,4,1,2
BRDA:98,5,0,1
BRDA:98,5,1,1
BRDA:104,6,0,2
BRDA:104,6,1,2
BRDA:104,6,2,1
BRDA:104,6,3,1
BRDA:105,7,0,2
BRDA:105,7,1,2
BRDA:105,7,2,2
BRDA:105,7,3,2
BRDA:105,7,4,2
BRDA:106,8,0,2
BRDA:106,8,1,2
BRDA:106,8,2,2
BRDA:117,9,0,1
BRDA:117,9,1,1
BRDA:119,10,0,1
BRDA:119,10,1,1
BRDA:122,11,0,1
BRDA:122,11,1,1
BRDA:122,11,2,0
BRDA:122,11,3,0
BRDA:123,12,0,1
BRDA:123,12,1,1
BRDA:123,12,2,1
BRDA:123,12,3,1
BRDA:123,12,4,1
BRDA:124,13,0,1
BRDA:124,13,1,1
BRDA:124,13,2,1
BRDA:136,14,0,2
BRDA:136,14,1,0
BRDA:138,15,0,2
BRDA:138,15,1,0
BRDA:141,16,0,8
BRDA:141,16,1,8
BRDA:141,16,2,1
BRDA:141,16,3,1
BRDA:142,17,0,8
BRDA:142,17,1,8
BRDA:142,17,2,8
BRDA:142,17,3,8
BRDA:142,17,4,8
BRDA:143,18,0,8
BRDA:143,18,1,8
BRDA:143,18,2,8
BRDA:168,19,0,1
BRDA:168,19,1,2
BRDA:178,20,0,1
BRDA:178,20,1,1
BRF:60
BRH:56
end_of_record
TN:
SF:src/components/CardDetailModal.tsx
FN:20,CardDetailModal
FN:38,(anonymous_2)
FN:73,(anonymous_3)
FN:117,(anonymous_4)
FN:129,(anonymous_5)
FN:130,(anonymous_6)
FN:168,(anonymous_7)
FN:180,(anonymous_8)
FN:187,(anonymous_9)
FN:188,(anonymous_10)
FN:198,(anonymous_11)
FN:199,(anonymous_12)
FN:217,(anonymous_13)
FN:313,(anonymous_14)
FN:328,(anonymous_15)
FN:345,(anonymous_16)
FN:348,(anonymous_17)
FN:352,(anonymous_18)
FN:364,(anonymous_19)
FN:377,(anonymous_20)
FN:387,(anonymous_21)
FN:399,(anonymous_22)
FN:412,(anonymous_23)
FN:425,(anonymous_24)
FN:435,(anonymous_25)
FN:436,(anonymous_26)
FN:448,(anonymous_27)
FN:448,(anonymous_28)
FN:454,(anonymous_29)
FN:458,(anonymous_30)
FN:465,(anonymous_31)
FN:470,(anonymous_32)
FN:474,(anonymous_33)
FN:485,(anonymous_34)
FN:489,(anonymous_35)
FN:493,(anonymous_36)
FN:494,(anonymous_37)
FN:504,(anonymous_38)
FN:510,(anonymous_39)
FN:514,(anonymous_40)
FN:515,(anonymous_41)
FN:521,(anonymous_42)
FN:526,(anonymous_43)
FN:531,(anonymous_44)
FN:547,(anonymous_45)
FN:615,(anonymous_46)
FN:644,(anonymous_47)
FN:766,(anonymous_48)
FN:788,(anonymous_49)
FN:829,(anonymous_50)
FN:832,(anonymous_51)
FN:832,(anonymous_52)
FN:845,(anonymous_53)
FN:848,(anonymous_54)
FN:867,(anonymous_55)
FN:883,(anonymous_56)
FN:895,(anonymous_57)
FN:922,(anonymous_58)
FN:931,(anonymous_59)
FN:972,(anonymous_60)
FN:991,(anonymous_61)
FN:991,(anonymous_62)
FN:1002,(anonymous_63)
FN:1002,(anonymous_64)
FN:1020,(anonymous_65)
FN:1020,(anonymous_66)
FN:1037,(anonymous_67)
FN:1037,(anonymous_68)
FN:1055,(anonymous_69)
FN:1215,(anonymous_70)
FN:1231,(anonymous_71)
FN:1247,(anonymous_72)
FN:1275,(anonymous_73)
FN:1284,(anonymous_74)
FN:1298,(anonymous_75)
FN:1302,(anonymous_76)
FN:1311,(anonymous_77)
FN:1330,(anonymous_78)
FN:1342,(anonymous_79)
FN:1361,(anonymous_80)
FN:1367,(anonymous_81)
FN:1386,(anonymous_82)
FN:1393,(anonymous_83)
FN:1399,(anonymous_84)
FN:1406,(anonymous_85)
FN:1424,(anonymous_86)
FNF:86
FNH:0
FNDA:0,CardDetailModal
FNDA:0,(anonymous_2)
FNDA:0,(anonymous_3)
FNDA:0,(anonymous_4)
FNDA:0,(anonymous_5)
FNDA:0,(anonymous_6)
FNDA:0,(anonymous_7)
FNDA:0,(anonymous_8)
FNDA:0,(anonymous_9)
FNDA:0,(anonymous_10)
FNDA:0,(anonymous_11)
FNDA:0,(anonymous_12)
FNDA:0,(anonymous_13)
FNDA:0,(anonymous_14)
FNDA:0,(anonymous_15)
FNDA:0,(anonymous_16)
FNDA:0,(anonymous_17)
FNDA:0,(anonymous_18)
FNDA:0,(anonymous_19)
FNDA:0,(anonymous_20)
FNDA:0,(anonymous_21)
FNDA:0,(anonymous_22)
FNDA:0,(anonymous_23)
FNDA:0,(anonymous_24)
FNDA:0,(anonymous_25)
FNDA:0,(anonymous_26)
FNDA:0,(anonymous_27)
FNDA:0,(anonymous_28)
FNDA:0,(anonymous_29)
FNDA:0,(anonymous_30)
FNDA:0,(anonymous_31)
FNDA:0,(anonymous_32)
FNDA:0,(anonymous_33)
FNDA:0,(anonymous_34)
FNDA:0,(anonymous_35)
FNDA:0,(anonymous_36)
FNDA:0,(anonymous_37)
FNDA:0,(anonymous_38)
FNDA:0,(anonymous_39)
FNDA:0,(anonymous_40)
FNDA:0,(anonymous_41)
FNDA:0,(anonymous_42)
FNDA:0,(anonymous_43)
FNDA:0,(anonymous_44)
FNDA:0,(anonymous_45)
FNDA:0,(anonymous_46)
FNDA:0,(anonymous_47)
FNDA:0,(anonymous_48)
FNDA:0,(anonymous_49)
FNDA:0,(anonymous_50)
FNDA:0,(anonymous_51)
FNDA:0,(anonymous_52)
FNDA:0,(anonymous_53)
FNDA:0,(anonymous_54)
FNDA:0,(anonymous_55)
FNDA:0,(anonymous_56)
FNDA:0,(anonymous_57)
FNDA:0,(anonymous_58)
FNDA:0,(anonymous_59)
FNDA:0,(anonymous_60)
FNDA:0,(anonymous_61)
FNDA:0,(anonymous_62)
FNDA:0,(anonymous_63)
FNDA:0,(anonymous_64)
FNDA:0,(anonymous_65)
FNDA:0,(anonymous_66)
FNDA:0,(anonymous_67)
FNDA:0,(anonymous_68)
FNDA:0,(anonymous_69)
FNDA:0,(anonymous_70)
FNDA:0,(anonymous_71)
FNDA:0,(anonymous_72)
FNDA:0,(anonymous_73)
FNDA:0,(anonymous_74)
FNDA:0,(anonymous_75)
FNDA:0,(anonymous_76)
FNDA:0,(anonymous_77)
FNDA:0,(anonymous_78)
FNDA:0,(anonymous_79)
FNDA:0,(anonymous_80)
FNDA:0,(anonymous_81)
FNDA:0,(anonymous_82)
FNDA:0,(anonymous_83)
FNDA:0,(anonymous_84)
FNDA:0,(anonymous_85)
FNDA:0,(anonymous_86)
DA:3,1
DA:5,1
DA:6,1
DA:7,1
DA:8,1
DA:9,1
DA:20,0
DA:28,0
DA:29,0
DA:30,0
DA:31,0
DA:32,0
DA:33,0
DA:34,0
DA:35,0
DA:38,0
DA:39,0
DA:41,0
DA:42,0
DA:45,0
DA:46,0
DA:52,0
DA:55,0
DA:56,0
DA:59,0
DA:62,0
DA:63,0
DA:65,0
DA:68,0
DA:69,0
DA:70,0
DA:73,0
DA:74,0
DA:75,0
DA:76,0
DA:79,0
DA:80,0
DA:81,0
DA:95,0
DA:97,0
DA:103,0
DA:104,0
DA:106,0
DA:109,0
DA:110,0
DA:112,0
DA:117,0
DA:118,0
DA:124,0
DA:129,0
DA:130,0
DA:131,0
DA:132,0
DA:135,0
DA:136,0
DA:137,0
DA:138,0
DA:139,0
DA:140,0
DA:141,0
DA:144,0
DA:145,0
DA:148,0
DA:150,0
DA:151,0
DA:154,0
DA:155,0
DA:159,0
DA:160,0
DA:164,0
DA:168,0
DA:169,0
DA:170,0
DA:171,0
DA:172,0
DA:177,0
DA:180,0
DA:181,0
DA:183,0
DA:187,0
DA:188,0
DA:189,0
DA:191,0
DA:192,0
DA:193,0
DA:194,0
DA:195,0
DA:197,0
DA:198,0
DA:199,0
DA:200,0
DA:202,0
DA:203,0
DA:206,0
DA:207,0
DA:209,0
DA:213,0
DA:217,0
DA:219,0
DA:220,0
DA:222,0
DA:223,0
DA:224,0
DA:225,0
DA:226,0
DA:227,0
DA:228,0
DA:231,0
DA:232,0
DA:233,0
DA:238,0
DA:239,0
DA:240,0
DA:241,0
DA:242,0
DA:243,0
DA:244,0
DA:247,0
DA:248,0
DA:249,0
DA:255,0
DA:256,0
DA:257,0
DA:258,0
DA:259,0
DA:260,0
DA:261,0
DA:265,0
DA:269,0
DA:313,0
DA:314,0
DA:315,0
DA:316,0
DA:317,0
DA:318,0
DA:319,0
DA:320,0
DA:321,0
DA:322,0
DA:323,0
DA:324,0
DA:328,0
DA:329,0
DA:330,0
DA:331,0
DA:332,0
DA:333,0
DA:334,0
DA:335,0
DA:336,0
DA:337,0
DA:338,0
DA:339,0
DA:340,0
DA:341,0
DA:345,0
DA:346,0
DA:348,0
DA:353,0
DA:354,0
DA:366,0
DA:367,0
DA:377,0
DA:378,0
DA:381,0
DA:383,0
DA:388,0
DA:389,0
DA:401,0
DA:402,0
DA:412,0
DA:413,0
DA:415,0
DA:427,0
DA:428,0
DA:435,0
DA:436,0
DA:437,0
DA:438,0
DA:439,0
DA:441,0
DA:442,0
DA:443,0
DA:448,0
DA:449,0
DA:451,0
DA:454,0
DA:455,0
DA:458,0
DA:459,0
DA:463,0
DA:464,0
DA:465,0
DA:469,0
DA:470,0
DA:471,0
DA:474,0
DA:475,0
DA:476,0
DA:478,0
DA:481,0
DA:485,0
DA:488,0
DA:489,0
DA:493,0
DA:494,0
DA:495,0
DA:498,0
DA:501,0
DA:504,0
DA:506,0
DA:507,0
DA:510,0
DA:511,0
DA:514,0
DA:515,0
DA:516,0
DA:517,0
DA:521,0
DA:523,0
DA:526,0
DA:532,0
DA:533,0
DA:547,0
DA:615,0
DA:645,0
DA:766,0
DA:788,0
DA:829,0
DA:832,0
DA:833,0
DA:845,0
DA:849,0
DA:867,0
DA:883,0
DA:895,0
DA:922,0
DA:932,0
DA:940,0
DA:941,0
DA:942,0
DA:943,0
DA:944,0
DA:972,0
DA:991,0
DA:1002,0
DA:1020,0
DA:1037,0
DA:1055,0
DA:1216,0
DA:1232,0
DA:1248,0
DA:1275,0
DA:1285,0
DA:1299,0
DA:1302,0
DA:1312,0
DA:1330,0
DA:1342,0
DA:1362,0
DA:1367,0
DA:1387,0
DA:1393,0
DA:1400,0
DA:1406,0
DA:1425,0
DA:1426,0
LF:267
LH:6
BRDA:29,0,0,0
BRDA:29,0,1,0
BRDA:74,1,0,0
BRDA:74,1,1,0
BRDA:74,2,0,0
BRDA:74,2,1,0
BRDA:91,3,0,0
BRDA:91,3,1,0
BRDA:95,4,0,0
BRDA:95,4,1,0
BRDA:124,5,0,0
BRDA:124,5,1,0
BRDA:124,5,2,0
BRDA:124,5,3,0
BRDA:136,6,0,0
BRDA:136,6,1,0
BRDA:139,7,0,0
BRDA:139,7,1,0
BRDA:139,8,0,0
BRDA:139,8,1,0
BRDA:144,9,0,0
BRDA:144,9,1,0
BRDA:169,10,0,0
BRDA:169,10,1,0
BRDA:189,11,0,0
BRDA:189,11,1,0
BRDA:194,12,0,0
BRDA:194,12,1,0
BRDA:222,13,0,0
BRDA:222,13,1,0
BRDA:225,14,0,0
BRDA:225,14,1,0
BRDA:226,15,0,0
BRDA:226,15,1,0
BRDA:227,16,0,0
BRDA:227,16,1,0
BRDA:228,17,0,0
BRDA:228,17,1,0
BRDA:232,18,0,0
BRDA:232,18,1,0
BRDA:232,19,0,0
BRDA:232,19,1,0
BRDA:238,20,0,0
BRDA:238,20,1,0
BRDA:241,21,0,0
BRDA:241,21,1,0
BRDA:242,22,0,0
BRDA:242,22,1,0
BRDA:243,23,0,0
BRDA:243,23,1,0
BRDA:244,24,0,0
BRDA:244,24,1,0
BRDA:248,25,0,0
BRDA:248,25,1,0
BRDA:248,26,0,0
BRDA:248,26,1,0
BRDA:256,27,0,0
BRDA:256,27,1,0
BRDA:259,28,0,0
BRDA:259,28,1,0
BRDA:259,29,0,0
BRDA:259,29,1,0
BRDA:261,30,0,0
BRDA:261,30,1,0
BRDA:270,31,0,0
BRDA:270,31,1,0
BRDA:271,32,0,0
BRDA:271,32,1,0
BRDA:272,33,0,0
BRDA:272,33,1,0
BRDA:273,34,0,0
BRDA:273,34,1,0
BRDA:274,35,0,0
BRDA:274,35,1,0
BRDA:275,36,0,0
BRDA:275,36,1,0
BRDA:277,37,0,0
BRDA:277,37,1,0
BRDA:278,38,0,0
BRDA:278,38,1,0
BRDA:279,39,0,0
BRDA:279,39,1,0
BRDA:280,40,0,0
BRDA:280,40,1,0
BRDA:281,41,0,0
BRDA:281,41,1,0
BRDA:282,42,0,0
BRDA:282,42,1,0
BRDA:283,43,0,0
BRDA:283,43,1,0
BRDA:284,44,0,0
BRDA:284,44,1,0
BRDA:295,45,0,0
BRDA:295,45,1,0
BRDA:296,46,0,0
BRDA:296,46,1,0
BRDA:297,47,0,0
BRDA:297,47,1,0
BRDA:298,48,0,0
BRDA:298,48,1,0
BRDA:299,49,0,0
BRDA:299,49,1,0
BRDA:300,50,0,0
BRDA:300,50,1,0
BRDA:301,51,0,0
BRDA:301,51,1,0
BRDA:302,52,0,0
BRDA:302,52,1,0
BRDA:304,53,0,0
BRDA:304,53,1,0
BRDA:305,54,0,0
BRDA:305,54,1,0
BRDA:314,55,0,0
BRDA:314,55,1,0
BRDA:314,55,2,0
BRDA:314,55,3,0
BRDA:314,55,4,0
BRDA:314,55,5,0
BRDA:314,55,6,0
BRDA:314,55,7,0
BRDA:314,55,8,0
BRDA:314,55,9,0
BRDA:329,56,0,0
BRDA:329,56,1,0
BRDA:329,56,2,0
BRDA:329,56,3,0
BRDA:329,56,4,0
BRDA:329,56,5,0
BRDA:329,56,6,0
BRDA:329,56,7,0
BRDA:329,56,8,0
BRDA:329,56,9,0
BRDA:329,56,10,0
BRDA:329,56,11,0
BRDA:346,57,0,0
BRDA:346,57,1,0
BRDA:346,58,0,0
BRDA:346,58,1,0
BRDA:378,59,0,0
BRDA:378,59,1,0
BRDA:378,60,0,0
BRDA:378,60,1,0
BRDA:383,61,0,0
BRDA:383,61,1,0
BRDA:383,62,0,0
BRDA:383,62,1,0
BRDA:413,63,0,0
BRDA:413,63,1,0
BRDA:413,64,0,0
BRDA:413,64,1,0
BRDA:441,65,0,0
BRDA:441,65,1,0
BRDA:441,66,0,0
BRDA:441,66,1,0
BRDA:459,67,0,0
BRDA:459,67,1,0
BRDA:464,68,0,0
BRDA:464,68,1,0
BRDA:469,69,0,0
BRDA:469,69,1,0
BRDA:470,70,0,0
BRDA:470,70,1,0
BRDA:470,71,0,0
BRDA:470,71,1,0
BRDA:474,72,0,0
BRDA:474,72,1,0
BRDA:488,73,0,0
BRDA:488,73,1,0
BRDA:506,74,0,0
BRDA:506,74,1,0
BRDA:511,75,0,0
BRDA:511,75,1,0
BRDA:519,76,0,0
BRDA:519,76,1,0
BRDA:523,77,0,0
BRDA:523,77,1,0
BRDA:532,78,0,0
BRDA:532,78,1,0
BRDA:560,79,0,0
BRDA:565,80,0,0
BRDA:570,81,0,0
BRDA:576,82,0,0
BRDA:585,83,0,0
BRDA:589,84,0,0
BRDA:589,84,1,0
BRDA:596,85,0,0
BRDA:604,86,0,0
BRDA:617,87,0,0
BRDA:617,87,1,0
BRDA:619,88,0,0
BRDA:619,88,1,0
BRDA:631,89,0,0
BRDA:631,89,1,0
BRDA:635,90,0,0
BRDA:635,90,1,0
BRDA:645,91,0,0
BRDA:645,91,1,0
BRDA:661,92,0,0
BRDA:664,93,0,0
BRDA:664,93,1,0
BRDA:667,94,0,0
BRDA:673,95,0,0
BRDA:678,96,0,0
BRDA:689,97,0,0
BRDA:694,98,0,0
BRDA:705,99,0,0
BRDA:705,99,1,0
BRDA:713,100,0,0
BRDA:713,100,1,0
BRDA:723,101,0,0
BRDA:723,101,1,0
BRDA:729,102,0,0
BRDA:729,102,1,0
BRDA:739,103,0,0
BRDA:745,104,0,0
BRDA:754,105,0,0
BRDA:773,106,0,0
BRDA:795,107,0,0
BRDA:798,108,0,0
BRDA:811,109,0,0
BRDA:866,110,0,0
BRDA:866,110,1,0
BRDA:867,111,0,0
BRDA:867,111,1,0
BRDA:880,112,0,0
BRDA:894,113,0,0
BRDA:894,113,1,0
BRDA:895,114,0,0
BRDA:895,114,1,0
BRDA:896,115,0,0
BRDA:896,115,1,0
BRDA:900,116,0,0
BRDA:900,116,1,0
BRDA:900,117,0,0
BRDA:900,117,1,0
BRDA:905,118,0,0
BRDA:905,118,1,0
BRDA:940,119,0,0
BRDA:940,119,1,0
BRDA:951,120,0,0
BRDA:951,120,1,0
BRDA:956,121,0,0
BRDA:980,122,0,0
BRDA:991,123,0,0
BRDA:991,123,1,0
BRDA:1048,124,0,0
BRDA:1048,124,1,0
BRDA:1048,124,2,0
BRDA:1052,125,0,0
BRDA:1052,125,1,0
BRDA:1075,126,0,0
BRDA:1075,126,1,0
BRDA:1075,126,2,0
BRDA:1075,126,3,0
BRDA:1075,126,4,0
BRDA:1077,127,0,0
BRDA:1081,128,0,0
BRDA:1086,129,0,0
BRDA:1086,129,1,0
BRDA:1089,130,0,0
BRDA:1089,130,1,0
BRDA:1092,131,0,0
BRDA:1101,132,0,0
BRDA:1107,133,0,0
BRDA:1107,133,1,0
BRDA:1111,134,0,0
BRDA:1133,135,0,0
BRDA:1133,135,1,0
BRDA:1137,136,0,0
BRDA:1137,136,1,0
BRDA:1139,137,0,0
BRDA:1139,137,1,0
BRDA:1140,138,0,0
BRDA:1154,139,0,0
BRDA:1163,140,0,0
BRDA:1163,140,1,0
BRDA:1167,141,0,0
BRDA:1167,141,1,0
BRDA:1169,142,0,0
BRDA:1169,142,1,0
BRDA:1170,143,0,0
BRDA:1184,144,0,0
BRDA:1194,145,0,0
BRDA:1194,145,1,0
BRDA:1197,146,0,0
BRDA:1200,147,0,0
BRDA:1208,148,0,0
BRDA:1208,148,1,0
BRDA:1208,148,2,0
BRDA:1211,149,0,0
BRDA:1227,150,0,0
BRDA:1227,150,1,0
BRDA:1243,151,0,0
BRDA:1243,151,1,0
BRDA:1263,152,0,0
BRDA:1274,153,0,0
BRDA:1274,153,1,0
BRDA:1278,154,0,0
BRDA:1278,154,1,0
BRDA:1285,155,0,0
BRDA:1285,155,1,0
BRDA:1285,155,2,0
BRDA:1290,156,0,0
BRDA:1290,156,1,0
BRDA:1292,157,0,0
BRDA:1292,157,1,0
BRDA:1293,158,0,0
BRDA:1301,159,0,0
BRDA:1301,159,1,0
BRDA:1305,160,0,0
BRDA:1305,160,1,0
BRDA:1312,161,0,0
BRDA:1312,161,1,0
BRDA:1312,161,2,0
BRDA:1317,162,0,0
BRDA:1317,162,1,0
BRDA:1319,163,0,0
BRDA:1319,163,1,0
BRDA:1320,164,0,0
BRDA:1327,165,0,0
BRDA:1354,166,0,0
BRDA:1354,166,1,0
BRDA:1365,167,0,0
BRDA:1365,167,1,0
BRDA:1371,168,0,0
BRDA:1383,169,0,0
BRDA:1400,170,0,0
BRDA:1400,170,1,0
BRDA:1411,171,0,0
BRDA:1416,172,0,0
BRDA:1422,173,0,0
BRF:331
BRH:0
end_of_record
TN:
SF:src/components/CardGrid.tsx
FN:17,CardGrid
FN:21,(anonymous_3)
FN:27,(anonymous_4)
FN:34,(anonymous_5)
FN:73,(anonymous_6)
FN:77,(anonymous_7)
FN:80,(anonymous_8)
FNF:7
FNH:4
FNDA:6,CardGrid
FNDA:18,(anonymous_3)
FNDA:0,(anonymous_4)
FNDA:6,(anonymous_5)
FNDA:18,(anonymous_6)
FNDA:0,(anonymous_7)
FNDA:0,(anonymous_8)
DA:4,1
DA:5,1
DA:17,6
DA:18,6
DA:21,6
DA:22,18
DA:23,18
DA:24,18
DA:27,0
DA:28,0
DA:30,0
DA:34,6
DA:35,6
DA:37,0
DA:39,0
DA:41,0
DA:43,0
DA:45,0
DA:50,6
DA:52,0
DA:54,6
DA:56,0
DA:58,0
DA:62,6
DA:74,18
DA:77,0
DA:80,0
LF:27
LH:14
BRDA:17,0,0,0
BRDA:17,1,0,0
BRDA:22,2,0,0
BRDA:22,2,1,18
BRDA:24,3,0,18
BRDA:24,3,1,0
BRDA:24,4,0,18
BRDA:24,4,1,0
BRDA:35,5,0,0
BRDA:35,5,1,6
BRDA:37,6,0,0
BRDA:37,6,1,0
BRDA:37,6,2,0
BRDA:37,6,3,0
BRDA:50,7,0,0
BRDA:50,7,1,6
BRDA:50,7,2,0
BRDA:50,7,3,0
BRDA:62,8,0,0
BRDA:62,8,1,6
BRDA:80,9,0,18
BRDA:80,9,1,0
BRF:22
BRH:7
end_of_record
TN:
SF:src/components/CardItem.tsx
FN:19,CardItem
FN:33,(anonymous_3)
FN:59,(anonymous_4)
FNF:3
FNH:1
FNDA:18,CardItem
FNDA:0,(anonymous_3)
FNDA:0,(anonymous_4)
DA:4,1
DA:5,1
DA:6,1
DA:7,1
DA:19,18
DA:20,18
DA:34,0
DA:60,0
LF:8
LH:6
BRDA:19,0,0,0
BRDA:19,1,0,0
BRDA:20,2,0,0
BRDA:20,2,1,18
BRDA:27,3,0,0
BRDA:27,3,1,0
BRDA:27,4,0,0
BRDA:27,4,1,0
BRDA:39,5,0,0
BRDA:73,6,0,18
BRF:10
BRH:2
end_of_record
TN:
SF:src/components/InventoryButton.tsx
FN:14,InventoryButton
FN:26,(anonymous_3)
FNF:2
FNH:1
FNDA:27,InventoryButton
FNDA:0,(anonymous_3)
DA:3,1
DA:4,1
DA:5,1
DA:14,18
DA:20,27
DA:21,27
DA:23,27
DA:24,27
DA:26,27
DA:27,0
DA:28,0
DA:30,0
DA:32,0
DA:33,0
DA:35,0
DA:36,0
DA:37,0
DA:39,0
DA:41,0
DA:45,0
DA:49,27
LF:21
LH:10
BRDA:18,0,0,27
BRDA:30,1,0,0
BRDA:30,1,1,0
BRDA:33,2,0,0
BRDA:33,2,1,0
BRDA:49,3,0,0
BRDA:49,3,1,27
BRDA:55,4,0,0
BRDA:55,4,1,0
BRDA:57,5,0,0
BRDA:57,5,1,0
BRDA:61,6,0,0
BRDA:61,6,1,0
BRDA:61,7,0,0
BRDA:61,7,1,0
BRDA:65,8,0,0
BRDA:70,9,0,0
BRDA:83,10,0,0
BRDA:83,10,1,27
BRDA:85,11,0,0
BRDA:85,11,1,27
BRDA:92,12,0,0
BRDA:92,12,1,27
BRDA:92,13,0,0
BRDA:92,13,1,27
BRF:25
BRH:6
end_of_record
TN:
SF:src/components/LanguageSelector.tsx
FN:13,LanguageSelector
FN:22,(anonymous_2)
FN:25,(anonymous_3)
FNF:3
FNH:2
FNDA:6,LanguageSelector
FNDA:0,(anonymous_2)
FNDA:18,(anonymous_3)
DA:3,1
DA:4,1
DA:7,1
DA:13,6
DA:14,6
DA:22,0
DA:26,18
LF:7
LH:6
BRF:0
BRH:0
end_of_record
TN:
SF:src/components/SearchFilters.tsx
FN:15,SearchFiltersComponent
FN:24,(anonymous_2)
FN:31,(anonymous_3)
FN:53,(anonymous_4)
FN:56,(anonymous_5)
FN:66,(anonymous_6)
FN:67,(anonymous_7)
FN:78,(anonymous_8)
FN:81,(anonymous_9)
FN:126,(anonymous_10)
FN:132,(anonymous_11)
FN:140,(anonymous_12)
FN:170,(anonymous_13)
FN:174,(anonymous_14)
FN:189,(anonymous_15)
FN:193,(anonymous_16)
FN:208,(anonymous_17)
FN:212,(anonymous_18)
FN:227,(anonymous_19)
FN:231,(anonymous_20)
FN:246,(anonymous_21)
FN:250,(anonymous_22)
FN:265,(anonymous_23)
FN:269,(anonymous_24)
FN:284,(anonymous_25)
FN:288,(anonymous_26)
FN:303,(anonymous_27)
FN:307,(anonymous_28)
FN:322,(anonymous_29)
FN:326,(anonymous_30)
FN:341,(anonymous_31)
FN:345,(anonymous_32)
FN:362,(anonymous_33)
FN:371,(anonymous_34)
FN:380,(anonymous_35)
FN:394,(anonymous_36)
FN:410,(anonymous_37)
FN:429,(anonymous_38)
FN:433,(anonymous_39)
FNF:39
FNH:12
FNDA:6,SearchFiltersComponent
FNDA:0,(anonymous_2)
FNDA:0,(anonymous_3)
FNDA:42,(anonymous_4)
FNDA:126,(anonymous_5)
FNDA:24,(anonymous_6)
FNDA:12,(anonymous_7)
FNDA:6,(anonymous_8)
FNDA:18,(anonymous_9)
FNDA:6,(anonymous_10)
FNDA:0,(anonymous_11)
FNDA:90,(anonymous_12)
FNDA:0,(anonymous_13)
FNDA:0,(anonymous_14)
FNDA:0,(anonymous_15)
FNDA:0,(anonymous_16)
FNDA:0,(anonymous_17)
FNDA:12,(anonymous_18)
FNDA:0,(anonymous_19)
FNDA:12,(anonymous_20)
FNDA:0,(anonymous_21)
FNDA:0,(anonymous_22)
FNDA:0,(anonymous_23)
FNDA:0,(anonymous_24)
FNDA:0,(anonymous_25)
FNDA:0,(anonymous_26)
FNDA:0,(anonymous_27)
FNDA:0,(anonymous_28)
FNDA:0,(anonymous_29)
FNDA:0,(anonymous_30)
FNDA:0,(anonymous_31)
FNDA:6,(anonymous_32)
FNDA:0,(anonymous_33)
FNDA:0,(anonymous_34)
FNDA:0,(anonymous_35)
FNDA:0,(anonymous_36)
FNDA:0,(anonymous_37)
FNDA:0,(anonymous_38)
FNDA:0,(anonymous_39)
DA:3,1
DA:5,1
DA:15,6
DA:22,6
DA:24,6
DA:25,0
DA:31,6
DA:32,0
DA:53,6
DA:54,42
DA:56,42
DA:57,126
DA:59,126
DA:60,126
DA:61,36
DA:65,42
DA:66,24
DA:67,12
DA:71,6
DA:72,6
DA:73,6
DA:74,6
DA:75,6
DA:78,6
DA:79,6
DA:81,6
DA:82,18
DA:84,18
DA:85,18
DA:87,18
DA:89,18
DA:90,18
DA:92,18
DA:93,18
DA:100,0
DA:102,0
DA:103,0
DA:104,0
DA:111,0
DA:113,0
DA:114,0
DA:115,0
DA:125,6
DA:126,6
DA:132,0
DA:135,6
DA:137,6
DA:138,6
DA:140,6
DA:141,90
DA:170,0
DA:175,0
DA:189,0
DA:194,0
DA:208,0
DA:213,12
DA:227,0
DA:232,12
DA:246,0
DA:251,0
DA:265,0
DA:270,0
DA:284,0
DA:289,0
DA:303,0
DA:308,0
DA:322,0
DA:327,0
DA:341,0
DA:346,6
DA:362,0
DA:371,0
DA:380,0
DA:394,0
DA:410,0
DA:429,0
DA:434,0
LF:77
LH:42
BRDA:53,0,0,36
BRDA:57,1,0,0
BRDA:57,1,1,126
BRDA:57,2,0,126
BRDA:57,2,1,108
BRDA:60,3,0,36
BRDA:60,3,1,90
BRDA:60,4,0,126
BRDA:60,4,1,36
BRDA:61,5,0,36
BRDA:61,5,1,24
BRDA:82,6,0,0
BRDA:82,6,1,18
BRDA:87,7,0,18
BRDA:87,7,1,0
BRDA:87,8,0,18
BRDA:87,8,1,18
BRDA:87,8,2,18
BRDA:87,8,3,18
BRDA:94,9,0,18
BRDA:94,9,1,6
BRDA:95,10,0,12
BRDA:95,10,1,6
BRDA:100,11,0,0
BRDA:100,11,1,0
BRDA:100,12,0,0
BRDA:100,12,1,0
BRDA:105,13,0,0
BRDA:105,13,1,0
BRDA:106,14,0,0
BRDA:106,14,1,0
BRDA:111,15,0,0
BRDA:111,15,1,0
BRDA:111,16,0,0
BRDA:111,16,1,0
BRDA:116,17,0,0
BRDA:116,17,1,0
BRDA:117,18,0,0
BRDA:117,18,1,0
BRDA:141,19,0,90
BRDA:141,19,1,24
BRDA:151,20,0,6
BRDA:390,21,0,6
BRDA:390,21,1,6
BRDA:397,22,0,6
BRDA:397,22,1,6
BRDA:398,23,0,6
BRDA:398,23,1,6
BRDA:399,24,0,6
BRDA:399,24,1,6
BRDA:406,25,0,6
BRDA:406,25,1,6
BRDA:413,26,0,6
BRDA:413,26,1,6
BRDA:414,27,0,6
BRDA:414,27,1,6
BRDA:415,28,0,6
BRDA:415,28,1,6
BRDA:416,29,0,6
BRDA:416,29,1,6
BRDA:417,30,0,6
BRDA:417,30,1,6
BRDA:422,31,0,6
BRDA:422,31,1,6
BRDA:422,31,2,6
BRF:65
BRH:46
end_of_record
TN:
SF:src/hooks/useInventory.ts
FN:6,useInventory
FN:11,(anonymous_2)
FN:28,(anonymous_3)
FN:64,(anonymous_4)
FN:97,(anonymous_5)
FN:98,(anonymous_6)
FN:101,(anonymous_7)
FN:103,(anonymous_8)
FN:104,(anonymous_9)
FN:107,(anonymous_10)
FN:108,(anonymous_11)
FN:111,(anonymous_12)
FN:112,(anonymous_13)
FN:113,(anonymous_14)
FN:114,(anonymous_15)
FN:120,(anonymous_16)
FN:124,(anonymous_17)
FN:135,(anonymous_18)
FN:136,(anonymous_19)
FN:163,(anonymous_20)
FNF:20
FNH:5
FNDA:45,useInventory
FNDA:12,(anonymous_2)
FNDA:0,(anonymous_3)
FNDA:0,(anonymous_4)
FNDA:0,(anonymous_5)
FNDA:0,(anonymous_6)
FNDA:27,(anonymous_7)
FNDA:0,(anonymous_8)
FNDA:0,(anonymous_9)
FNDA:27,(anonymous_10)
FNDA:0,(anonymous_11)
FNDA:0,(anonymous_12)
FNDA:0,(anonymous_13)
FNDA:0,(anonymous_14)
FNDA:0,(anonymous_15)
FNDA:0,(anonymous_16)
FNDA:0,(anonymous_17)
FNDA:0,(anonymous_18)
FNDA:0,(anonymous_19)
FNDA:12,(anonymous_20)
DA:3,1
DA:6,45
DA:7,45
DA:8,45
DA:9,45
DA:11,45
DA:12,12
DA:13,12
DA:14,12
DA:15,0
DA:16,0
DA:18,0
DA:19,0
DA:20,0
DA:22,12
DA:24,12
DA:28,45
DA:36,0
DA:37,0
DA:52,0
DA:53,0
DA:56,0
DA:57,0
DA:59,0
DA:60,0
DA:64,45
DA:67,0
DA:68,0
DA:70,0
DA:72,0
DA:75,0
DA:76,0
DA:77,0
DA:81,0
DA:85,0
DA:86,0
DA:89,0
DA:90,0
DA:92,0
DA:93,0
DA:97,45
DA:98,0
DA:101,45
DA:102,27
DA:103,0
DA:104,0
DA:107,45
DA:108,27
DA:111,45
DA:112,0
DA:113,0
DA:114,0
DA:115,0
DA:116,0
DA:120,0
DA:121,0
DA:124,0
DA:125,0
DA:128,0
DA:129,0
DA:133,0
DA:134,0
DA:135,0
DA:137,0
DA:138,0
DA:139,0
DA:142,0
DA:143,0
DA:144,0
DA:151,0
DA:163,45
DA:164,12
DA:167,45
LF:73
LH:22
BRDA:15,0,0,0
BRDA:15,0,1,0
BRDA:22,1,0,12
BRDA:22,1,1,0
BRDA:52,2,0,0
BRDA:52,2,1,0
BRDA:59,3,0,0
BRDA:59,3,1,0
BRDA:70,4,0,0
BRDA:70,4,1,0
BRDA:76,5,0,0
BRDA:76,5,1,0
BRDA:85,6,0,0
BRDA:85,6,1,0
BRDA:92,7,0,0
BRDA:92,7,1,0
BRDA:108,8,0,0
BRDA:108,8,1,0
BRDA:115,9,0,0
BRDA:115,9,1,0
BRDA:121,10,0,0
BRDA:121,10,1,0
BRDA:125,11,0,0
BRDA:125,11,1,0
BRDA:129,12,0,0
BRDA:129,12,1,0
BRDA:133,13,0,0
BRDA:133,13,1,0
BRDA:135,14,0,0
BRDA:135,14,1,0
BRDA:137,15,0,0
BRDA:137,15,1,0
BRDA:138,16,0,0
BRDA:138,16,1,0
BRDA:142,17,0,0
BRDA:142,17,1,0
BRDA:146,18,0,0
BRDA:146,18,1,0
BRF:38
BRH:1
end_of_record
TN:
SF:src/i18n/context.tsx
FN:19,I18nProvider
FN:22,(anonymous_6)
FN:42,(anonymous_7)
FN:58,useI18n
FN:67,getTranslation
FNF:5
FNH:3
FNDA:6,I18nProvider
FNDA:3,(anonymous_6)
FNDA:0,(anonymous_7)
FNDA:36,useI18n
FNDA:0,getTranslation
DA:3,1
DA:5,1
DA:13,1
DA:19,3
DA:20,6
DA:22,6
DA:24,3
DA:25,3
DA:26,3
DA:27,0
DA:30,3
DA:31,3
DA:32,0
DA:33,3
DA:34,0
DA:36,3
DA:42,6
DA:43,0
DA:44,0
DA:45,0
DA:49,6
DA:58,36
DA:59,36
DA:60,36
DA:61,0
DA:63,36
DA:67,0
DA:68,0
LF:28
LH:19
BRDA:24,0,0,3
BRDA:24,0,1,0
BRDA:26,1,0,0
BRDA:26,1,1,3
BRDA:26,2,0,3
BRDA:26,2,1,0
BRDA:31,3,0,0
BRDA:31,3,1,3
BRDA:31,4,0,3
BRDA:31,4,1,3
BRDA:33,5,0,0
BRDA:33,5,1,3
BRDA:44,6,0,0
BRDA:44,6,1,0
BRDA:60,7,0,0
BRDA:60,7,1,36
BRF:16
BRH:8
end_of_record
TN:
SF:src/i18n/translations.js
FNF:0
FNH:0
DA:1,1
DA:400,6
LF:2
LH:2
BRF:0
BRH:0
end_of_record
TN:
SF:src/test-utils/test-utils.tsx
FN:5,(anonymous_5)
FN:13,(anonymous_6)
FNF:2
FNH:2
FNDA:3,(anonymous_5)
FNDA:3,(anonymous_6)
DA:1,1
DA:2,1
DA:3,1
DA:5,1
DA:13,1
DA:16,3
DA:19,3
LF:7
LH:7
BRF:0
BRH:0
end_of_record
TN:
SF:src/types/inventory.ts
FNF:0
FNH:0
DA:39,1
LF:1
LH:1
BRF:0
BRH:0
end_of_record
TN:
SF:src/utils/currency.ts
FN:8,getDefaultCurrencyForCard
FN:10,(anonymous_5)
FN:15,(anonymous_6)
FN:86,getCurrencySymbol
FN:102,getCurrencyName
FNF:5
FNH:0
FNDA:0,getDefaultCurrencyForCard
FNDA:0,(anonymous_5)
FNDA:0,(anonymous_6)
FNDA:0,getCurrencySymbol
FNDA:0,getCurrencyName
DA:8,0
DA:10,0
DA:11,0
DA:15,0
DA:16,0
DA:24,0
DA:25,0
DA:26,0
DA:29,0
DA:30,0
DA:34,0
DA:35,0
DA:39,0
DA:40,0
DA:44,0
DA:45,0
DA:48,0
DA:49,0
DA:53,0
DA:54,0
DA:57,0
DA:58,0
DA:62,0
DA:63,0
DA:65,0
DA:66,0
DA:67,0
DA:71,0
DA:72,0
DA:73,0
DA:78,0
DA:86,0
DA:87,0
DA:94,0
DA:102,0
DA:103,0
DA:110,0
LF:37
LH:0
BRDA:24,0,0,0
BRDA:24,0,1,0
BRDA:25,1,0,0
BRDA:25,1,1,0
BRDA:26,2,0,0
BRDA:26,2,1,0
BRDA:29,3,0,0
BRDA:29,3,1,0
BRDA:29,4,0,0
BRDA:29,4,1,0
BRDA:29,4,2,0
BRDA:34,5,0,0
BRDA:34,5,1,0
BRDA:34,6,0,0
BRDA:34,6,1,0
BRDA:39,7,0,0
BRDA:39,7,1,0
BRDA:39,8,0,0
BRDA:39,8,1,0
BRDA:39,8,2,0
BRDA:44,9,0,0
BRDA:44,9,1,0
BRDA:44,10,0,0
BRDA:44,10,1,0
BRDA:48,11,0,0
BRDA:48,11,1,0
BRDA:53,12,0,0
BRDA:53,12,1,0
BRDA:53,13,0,0
BRDA:53,13,1,0
BRDA:57,14,0,0
BRDA:57,14,1,0
BRDA:66,15,0,0
BRDA:66,15,1,0
BRDA:72,16,0,0
BRDA:72,16,1,0
BRDA:94,17,0,0
BRDA:94,17,1,0
BRDA:110,18,0,0
BRDA:110,18,1,0
BRF:40
BRH:0
end_of_record
TN:
SF:src/utils/imageUtils.ts
FN:10,formatCardImagePath
FN:20,getCardImageSrc
FNF:2
FNH:2
FNDA:18,formatCardImagePath
FNDA:18,getCardImageSrc
DA:10,0
DA:11,18
DA:12,18
DA:20,18
DA:22,18
DA:28,1
LF:6
LH:5
BRF:0
BRH:0
end_of_record
